[debug] [2020-07-30T16:49:58.582Z] ----------------------------------------------------------------------
[debug] [2020-07-30T16:49:58.584Z] Command:       /usr/local/bin/firebase /Users/yuanmingchai/.cache/firebase/tools/lib/node_modules/firebase-tools/lib/bin/firebase emulators:start
[debug] [2020-07-30T16:49:58.584Z] CLI Version:   8.5.0
[debug] [2020-07-30T16:49:58.584Z] Platform:      darwin
[debug] [2020-07-30T16:49:58.584Z] Node Version:  v12.18.1
[debug] [2020-07-30T16:49:58.588Z] Time:          Thu Jul 30 2020 12:49:58 GMT-0400 (Eastern Daylight Time)
[debug] [2020-07-30T16:49:58.589Z] ----------------------------------------------------------------------
[debug] [2020-07-30T16:49:58.589Z] 
[debug] [2020-07-30T16:49:58.596Z] > command requires scopes: ["email","openid","https://www.googleapis.com/auth/cloudplatformprojects.readonly","https://www.googleapis.com/auth/firebase","https://www.googleapis.com/auth/cloud-platform"]
[debug] [2020-07-30T16:49:58.596Z] > authorizing via signed-in user
[info] i  emulators: Starting emulators: functions, firestore, hosting {"metadata":{"emulator":{"name":"hub"},"message":"Starting emulators: functions, firestore, hosting"}}
[warn] ⚠  emulators: It seems that you are running multiple instances of the emulator suite for project bostonhacks-cacioepepe. This may result in unexpected behavior. 
[debug] [2020-07-30T16:49:58.613Z] [hub] writing locator at /var/folders/b3/sb_hj3ts4mb049_pjbw436nc0000gn/T/hub-bostonhacks-cacioepepe.json
[warn] ⚠  functions: Your GOOGLE_APPLICATION_CREDENTIALS environment variable points to /Users/yuanmingchai/Downloads/bostonhacks-cacioepepe-e24463574155.json. Non-emulated services will access production using these credentials. Be careful! {"metadata":{"emulator":{"name":"functions"},"message":"Your GOOGLE_APPLICATION_CREDENTIALS environment variable points to /Users/yuanmingchai/Downloads/bostonhacks-cacioepepe-e24463574155.json. Non-emulated services will access production using these credentials. Be careful!"}}
[warn] ⚠  functions: The following emulators are not running, calls to these services from the Functions emulator will affect production: database, pubsub {"metadata":{"emulator":{"name":"functions"},"message":"The following emulators are not running, calls to these services from the Functions emulator will affect production: \u001b[1mdatabase, pubsub\u001b[22m"}}
[warn] ⚠  Your requested "node" version "10" doesn't match your global version "12" {"metadata":{"emulator":{"name":"functions"},"message":"Your requested \"node\" version \"10\" doesn't match your global version \"12\""}}
[debug] [2020-07-30T16:49:58.649Z] Ignoring unsupported arg: projectId {"metadata":{"emulator":{"name":"firestore"},"message":"Ignoring unsupported arg: projectId"}}
[debug] [2020-07-30T16:49:58.649Z] Ignoring unsupported arg: auto_download {"metadata":{"emulator":{"name":"firestore"},"message":"Ignoring unsupported arg: auto_download"}}
[debug] [2020-07-30T16:49:58.649Z] Starting Firestore Emulator with command {"binary":"java","args":["-Duser.language=en","-jar","/Users/yuanmingchai/.cache/firebase/emulators/cloud-firestore-emulator-v1.11.4.jar","--host","localhost","--port",8080,"--rules","/Users/yuanmingchai/cacioepepe/firestore.rules","--functions_emulator","localhost:5001"],"optionalArgs":["port","webchannel_port","host","rules","functions_emulator","seed_from_export"],"joinArgs":false} {"metadata":{"emulator":{"name":"firestore"},"message":"Starting Firestore Emulator with command {\"binary\":\"java\",\"args\":[\"-Duser.language=en\",\"-jar\",\"/Users/yuanmingchai/.cache/firebase/emulators/cloud-firestore-emulator-v1.11.4.jar\",\"--host\",\"localhost\",\"--port\",8080,\"--rules\",\"/Users/yuanmingchai/cacioepepe/firestore.rules\",\"--functions_emulator\",\"localhost:5001\"],\"optionalArgs\":[\"port\",\"webchannel_port\",\"host\",\"rules\",\"functions_emulator\",\"seed_from_export\"],\"joinArgs\":false}"}}
[info] i  firestore: Firestore Emulator logging to firestore-debug.log {"metadata":{"emulator":{"name":"firestore"},"message":"Firestore Emulator logging to \u001b[1mfirestore-debug.log\u001b[22m"}}
[debug] [2020-07-30T16:50:05.173Z] API endpoint: http://localhost: {"metadata":{"emulator":{"name":"firestore"},"message":"API endpoint: http://localhost:"}}
[debug] [2020-07-30T16:50:05.173Z] 8080
If you are using a library that supports the FIRESTORE_EMULATOR_HOST environment variable, run:

   export FIRESTORE_EMULATOR_HOST=localhost:8080

Dev App Server is now running.

 {"metadata":{"emulator":{"name":"firestore"},"message":"8080\nIf you are using a library that supports the FIRESTORE_EMULATOR_HOST environment variable, run:\n\n   export FIRESTORE_EMULATOR_HOST=localhost:8080\n\nDev App Server is now running.\n\n"}}
[debug] [2020-07-30T16:50:05.280Z] >>> HTTP REQUEST GET https://firebase.googleapis.com/v1beta1/projects/bostonhacks-cacioepepe/webApps/-/config  
 
[debug] [2020-07-30T16:50:05.830Z] <<< HTTP RESPONSE 200 {"content-type":"application/json; charset=UTF-8","vary":"X-Origin, Referer, Origin,Accept-Encoding","date":"Thu, 30 Jul 2020 16:50:05 GMT","server":"ESF","cache-control":"private","x-xss-protection":"0","x-frame-options":"SAMEORIGIN","x-content-type-options":"nosniff","alt-svc":"h3-29=\":443\"; ma=2592000,h3-27=\":443\"; ma=2592000,h3-T050=\":443\"; ma=2592000,h3-Q050=\":443\"; ma=2592000,h3-Q046=\":443\"; ma=2592000,h3-Q043=\":443\"; ma=2592000,quic=\":443\"; ma=2592000; v=\"46,43\"","accept-ranges":"none","transfer-encoding":"chunked"}
[info] i  hosting: Serving hosting files from: dist {"metadata":{"emulator":{"name":"hosting"},"message":"Serving hosting files from: \u001b[1mdist\u001b[22m"}}
[info] ✔  hosting: Local server: http://localhost:5000 {"metadata":{"emulator":{"name":"hosting"},"message":"Local server: \u001b[4m\u001b[1mhttp://localhost:5000\u001b[22m\u001b[24m"}}
[debug] [2020-07-30T16:50:05.906Z] Ignoring unsupported arg: auto_download {"metadata":{"emulator":{"name":"ui"},"message":"Ignoring unsupported arg: auto_download"}}
[debug] [2020-07-30T16:50:05.906Z] Ignoring unsupported arg: port {"metadata":{"emulator":{"name":"ui"},"message":"Ignoring unsupported arg: port"}}
[debug] [2020-07-30T16:50:05.906Z] Starting Emulator UI with command {"binary":"node","args":["/Users/yuanmingchai/.cache/firebase/emulators/ui-v1.1.0/server.bundle.js"],"optionalArgs":[],"joinArgs":false} {"metadata":{"emulator":{"name":"ui"},"message":"Starting Emulator UI with command {\"binary\":\"node\",\"args\":[\"/Users/yuanmingchai/.cache/firebase/emulators/ui-v1.1.0/server.bundle.js\"],\"optionalArgs\":[],\"joinArgs\":false}"}}
[info] i  ui: Emulator UI logging to ui-debug.log {"metadata":{"emulator":{"name":"ui"},"message":"Emulator UI logging to \u001b[1mui-debug.log\u001b[22m"}}
[debug] [2020-07-30T16:50:06.071Z] Web / API server started at http://localhost:4000
 {"metadata":{"emulator":{"name":"ui"},"message":"Web / API server started at http://localhost:4000\n"}}
[info] i  functions: Watching "/Users/yuanmingchai/cacioepepe/functions" for Cloud Functions... {"metadata":{"emulator":{"name":"functions"},"message":"Watching \"/Users/yuanmingchai/cacioepepe/functions\" for Cloud Functions..."}}
[debug] [2020-07-30T16:50:06.179Z] [worker-pool] addWorker(~diagnostic~) {"metadata":{"emulator":{"name":"functions"},"message":"[worker-pool] addWorker(~diagnostic~)"}}
[debug] [2020-07-30T16:50:06.179Z] [worker-pool] Adding worker with key ~diagnostic~, total=1 {"metadata":{"emulator":{"name":"functions"},"message":"[worker-pool] Adding worker with key ~diagnostic~, total=1"}}
[debug] [2020-07-30T16:50:06.180Z] [worker-pool] submitWork(triggerId=) {"metadata":{"emulator":{"name":"functions"},"message":"[worker-pool] submitWork(triggerId=)"}}
[debug] [2020-07-30T16:50:06.180Z] [worker-~diagnostic~-ca479b46-3dbd-4506-b1d8-6d1885607233]: Assigning socketPath: /var/folders/b3/sb_hj3ts4mb049_pjbw436nc0000gn/T/fire_emu_44705.sock {"metadata":{"emulator":{"name":"functions"},"message":"[worker-~diagnostic~-ca479b46-3dbd-4506-b1d8-6d1885607233]: Assigning socketPath: /var/folders/b3/sb_hj3ts4mb049_pjbw436nc0000gn/T/fire_emu_44705.sock"}}
[debug] [2020-07-30T16:50:06.180Z] [worker-~diagnostic~-ca479b46-3dbd-4506-b1d8-6d1885607233]: BUSY {"metadata":{"emulator":{"name":"functions"},"message":"[worker-~diagnostic~-ca479b46-3dbd-4506-b1d8-6d1885607233]: BUSY"}}
[debug] [2020-07-30T16:50:06.619Z] [runtime-status] [44705] Functions runtime initialized. {"cwd":"/Users/yuanmingchai/cacioepepe/functions","node_version":"12.18.1"} {"metadata":{"emulator":{"name":"functions"},"message":"[runtime-status] [44705] Functions runtime initialized. {\"cwd\":\"/Users/yuanmingchai/cacioepepe/functions\",\"node_version\":\"12.18.1\"}"}}
[debug] [2020-07-30T16:50:06.619Z] [runtime-status] [44705] Disabled runtime features: undefined {"metadata":{"emulator":{"name":"functions"},"message":"[runtime-status] [44705] Disabled runtime features: undefined"}}
[debug] [2020-07-30T16:50:06.622Z] [runtime-status] [44705] Resolved module firebase-admin {"declared":true,"installed":true,"version":"8.9.2","resolution":"/Users/yuanmingchai/cacioepepe/functions/node_modules/firebase-admin/lib/index.js"} {"metadata":{"emulator":{"name":"functions"},"message":"[runtime-status] [44705] Resolved module firebase-admin {\"declared\":true,\"installed\":true,\"version\":\"8.9.2\",\"resolution\":\"/Users/yuanmingchai/cacioepepe/functions/node_modules/firebase-admin/lib/index.js\"}"}}
[debug] [2020-07-30T16:50:06.623Z] [runtime-status] [44705] Resolved module firebase-functions {"declared":true,"installed":true,"version":"3.6.2","resolution":"/Users/yuanmingchai/cacioepepe/functions/node_modules/firebase-functions/lib/index.js"} {"metadata":{"emulator":{"name":"functions"},"message":"[runtime-status] [44705] Resolved module firebase-functions {\"declared\":true,\"installed\":true,\"version\":\"3.6.2\",\"resolution\":\"/Users/yuanmingchai/cacioepepe/functions/node_modules/firebase-functions/lib/index.js\"}"}}
[debug] [2020-07-30T16:50:06.624Z] [runtime-status] [44705] Outgoing network have been stubbed. [{"name":"http","status":"mocked"},{"name":"http","status":"mocked"},{"name":"https","status":"mocked"},{"name":"https","status":"mocked"},{"name":"net","status":"mocked"}] {"metadata":{"emulator":{"name":"functions"},"message":"[runtime-status] [44705] Outgoing network have been stubbed. [{\"name\":\"http\",\"status\":\"mocked\"},{\"name\":\"http\",\"status\":\"mocked\"},{\"name\":\"https\",\"status\":\"mocked\"},{\"name\":\"https\",\"status\":\"mocked\"},{\"name\":\"net\",\"status\":\"mocked\"}]"}}
[debug] [2020-07-30T16:50:06.625Z] [runtime-status] [44705] Resolved module firebase-functions {"declared":true,"installed":true,"version":"3.6.2","resolution":"/Users/yuanmingchai/cacioepepe/functions/node_modules/firebase-functions/lib/index.js"} {"metadata":{"emulator":{"name":"functions"},"message":"[runtime-status] [44705] Resolved module firebase-functions {\"declared\":true,\"installed\":true,\"version\":\"3.6.2\",\"resolution\":\"/Users/yuanmingchai/cacioepepe/functions/node_modules/firebase-functions/lib/index.js\"}"}}
[debug] [2020-07-30T16:50:06.681Z] [runtime-status] [44705] Checked functions.config() {"config":{}} {"metadata":{"emulator":{"name":"functions"},"message":"[runtime-status] [44705] Checked functions.config() {\"config\":{}}"}}
[debug] [2020-07-30T16:50:06.681Z] [runtime-status] [44705] firebase-functions has been stubbed. {"functionsResolution":{"declared":true,"installed":true,"version":"3.6.2","resolution":"/Users/yuanmingchai/cacioepepe/functions/node_modules/firebase-functions/lib/index.js"}} {"metadata":{"emulator":{"name":"functions"},"message":"[runtime-status] [44705] firebase-functions has been stubbed. {\"functionsResolution\":{\"declared\":true,\"installed\":true,\"version\":\"3.6.2\",\"resolution\":\"/Users/yuanmingchai/cacioepepe/functions/node_modules/firebase-functions/lib/index.js\"}}"}}
[debug] [2020-07-30T16:50:06.681Z] [runtime-status] [44705] Resolved module firebase-functions {"declared":true,"installed":true,"version":"3.6.2","resolution":"/Users/yuanmingchai/cacioepepe/functions/node_modules/firebase-functions/lib/index.js"} {"metadata":{"emulator":{"name":"functions"},"message":"[runtime-status] [44705] Resolved module firebase-functions {\"declared\":true,\"installed\":true,\"version\":\"3.6.2\",\"resolution\":\"/Users/yuanmingchai/cacioepepe/functions/node_modules/firebase-functions/lib/index.js\"}"}}
[debug] [2020-07-30T16:50:06.682Z] [runtime-status] [44705] Resolved module firebase-admin {"declared":true,"installed":true,"version":"8.9.2","resolution":"/Users/yuanmingchai/cacioepepe/functions/node_modules/firebase-admin/lib/index.js"} {"metadata":{"emulator":{"name":"functions"},"message":"[runtime-status] [44705] Resolved module firebase-admin {\"declared\":true,\"installed\":true,\"version\":\"8.9.2\",\"resolution\":\"/Users/yuanmingchai/cacioepepe/functions/node_modules/firebase-admin/lib/index.js\"}"}}
[debug] [2020-07-30T16:50:06.682Z] [runtime-status] [44705] Resolved module firebase-functions {"declared":true,"installed":true,"version":"3.6.2","resolution":"/Users/yuanmingchai/cacioepepe/functions/node_modules/firebase-functions/lib/index.js"} {"metadata":{"emulator":{"name":"functions"},"message":"[runtime-status] [44705] Resolved module firebase-functions {\"declared\":true,\"installed\":true,\"version\":\"3.6.2\",\"resolution\":\"/Users/yuanmingchai/cacioepepe/functions/node_modules/firebase-functions/lib/index.js\"}"}}
[debug] [2020-07-30T16:50:06.682Z] [runtime-status] [44705] firebase-admin has been stubbed. {"adminResolution":{"declared":true,"installed":true,"version":"8.9.2","resolution":"/Users/yuanmingchai/cacioepepe/functions/node_modules/firebase-admin/lib/index.js"}} {"metadata":{"emulator":{"name":"functions"},"message":"[runtime-status] [44705] firebase-admin has been stubbed. {\"adminResolution\":{\"declared\":true,\"installed\":true,\"version\":\"8.9.2\",\"resolution\":\"/Users/yuanmingchai/cacioepepe/functions/node_modules/firebase-admin/lib/index.js\"}}"}}
[debug] [2020-07-30T16:50:06.769Z] [runtime-status] [44705] initializeApp(DEFAULT) {"databaseURL":"https://bostonhacks-cacioepepe.firebaseio.com","storageBucket":"bostonhacks-cacioepepe.appspot.com","projectId":"bostonhacks-cacioepepe"} {"metadata":{"emulator":{"name":"functions"},"message":"[runtime-status] [44705] initializeApp(DEFAULT) {\"databaseURL\":\"https://bostonhacks-cacioepepe.firebaseio.com\",\"storageBucket\":\"bostonhacks-cacioepepe.appspot.com\",\"projectId\":\"bostonhacks-cacioepepe\"}"}}
[info] ✔  functions[acceptApplicant]: http function initialized (http://localhost:5001/bostonhacks-cacioepepe/us-central1/acceptApplicant). {"metadata":{"emulator":{"name":"functions"},"message":"\u001b[1mhttp\u001b[22m function initialized (http://localhost:5001/bostonhacks-cacioepepe/us-central1/acceptApplicant)."}}
[info] ✔  functions[acceptVolunteer]: http function initialized (http://localhost:5001/bostonhacks-cacioepepe/us-central1/acceptVolunteer). {"metadata":{"emulator":{"name":"functions"},"message":"\u001b[1mhttp\u001b[22m function initialized (http://localhost:5001/bostonhacks-cacioepepe/us-central1/acceptVolunteer)."}}
[info] ✔  functions[createDeadline]: http function initialized (http://localhost:5001/bostonhacks-cacioepepe/us-central1/createDeadline). {"metadata":{"emulator":{"name":"functions"},"message":"\u001b[1mhttp\u001b[22m function initialized (http://localhost:5001/bostonhacks-cacioepepe/us-central1/createDeadline)."}}
[info] ✔  functions[massAcceptEmail]: http function initialized (http://localhost:5001/bostonhacks-cacioepepe/us-central1/massAcceptEmail). {"metadata":{"emulator":{"name":"functions"},"message":"\u001b[1mhttp\u001b[22m function initialized (http://localhost:5001/bostonhacks-cacioepepe/us-central1/massAcceptEmail)."}}
[info] ✔  functions[massRejectEmail]: http function initialized (http://localhost:5001/bostonhacks-cacioepepe/us-central1/massRejectEmail). {"metadata":{"emulator":{"name":"functions"},"message":"\u001b[1mhttp\u001b[22m function initialized (http://localhost:5001/bostonhacks-cacioepepe/us-central1/massRejectEmail)."}}
[info] ✔  functions[massWaitlistEmail]: http function initialized (http://localhost:5001/bostonhacks-cacioepepe/us-central1/massWaitlistEmail). {"metadata":{"emulator":{"name":"functions"},"message":"\u001b[1mhttp\u001b[22m function initialized (http://localhost:5001/bostonhacks-cacioepepe/us-central1/massWaitlistEmail)."}}
[info] ✔  functions[readDeadline]: http function initialized (http://localhost:5001/bostonhacks-cacioepepe/us-central1/readDeadline). {"metadata":{"emulator":{"name":"functions"},"message":"\u001b[1mhttp\u001b[22m function initialized (http://localhost:5001/bostonhacks-cacioepepe/us-central1/readDeadline)."}}
[info] ✔  functions[rejectApplicant]: http function initialized (http://localhost:5001/bostonhacks-cacioepepe/us-central1/rejectApplicant). {"metadata":{"emulator":{"name":"functions"},"message":"\u001b[1mhttp\u001b[22m function initialized (http://localhost:5001/bostonhacks-cacioepepe/us-central1/rejectApplicant)."}}
[info] ✔  functions[retrieveSubmittedApplications]: http function initialized (http://localhost:5001/bostonhacks-cacioepepe/us-central1/retrieveSubmittedApplications). {"metadata":{"emulator":{"name":"functions"},"message":"\u001b[1mhttp\u001b[22m function initialized (http://localhost:5001/bostonhacks-cacioepepe/us-central1/retrieveSubmittedApplications)."}}
[info] ✔  functions[retrieveAcceptedApplications]: http function initialized (http://localhost:5001/bostonhacks-cacioepepe/us-central1/retrieveAcceptedApplications). {"metadata":{"emulator":{"name":"functions"},"message":"\u001b[1mhttp\u001b[22m function initialized (http://localhost:5001/bostonhacks-cacioepepe/us-central1/retrieveAcceptedApplications)."}}
[info] ✔  functions[retrieveAllApplications]: http function initialized (http://localhost:5001/bostonhacks-cacioepepe/us-central1/retrieveAllApplications). {"metadata":{"emulator":{"name":"functions"},"message":"\u001b[1mhttp\u001b[22m function initialized (http://localhost:5001/bostonhacks-cacioepepe/us-central1/retrieveAllApplications)."}}
[info] ✔  functions[retrieveConfirmedApplications]: http function initialized (http://localhost:5001/bostonhacks-cacioepepe/us-central1/retrieveConfirmedApplications). {"metadata":{"emulator":{"name":"functions"},"message":"\u001b[1mhttp\u001b[22m function initialized (http://localhost:5001/bostonhacks-cacioepepe/us-central1/retrieveConfirmedApplications)."}}
[info] ✔  functions[retrieveDeclinedApplications]: http function initialized (http://localhost:5001/bostonhacks-cacioepepe/us-central1/retrieveDeclinedApplications). {"metadata":{"emulator":{"name":"functions"},"message":"\u001b[1mhttp\u001b[22m function initialized (http://localhost:5001/bostonhacks-cacioepepe/us-central1/retrieveDeclinedApplications)."}}
[info] ✔  functions[retrieveRejectedApplications]: http function initialized (http://localhost:5001/bostonhacks-cacioepepe/us-central1/retrieveRejectedApplications). {"metadata":{"emulator":{"name":"functions"},"message":"\u001b[1mhttp\u001b[22m function initialized (http://localhost:5001/bostonhacks-cacioepepe/us-central1/retrieveRejectedApplications)."}}
[info] ✔  functions[retrieveWaitlistedApplications]: http function initialized (http://localhost:5001/bostonhacks-cacioepepe/us-central1/retrieveWaitlistedApplications). {"metadata":{"emulator":{"name":"functions"},"message":"\u001b[1mhttp\u001b[22m function initialized (http://localhost:5001/bostonhacks-cacioepepe/us-central1/retrieveWaitlistedApplications)."}}
[info] ✔  functions[waitlistApplicant]: http function initialized (http://localhost:5001/bostonhacks-cacioepepe/us-central1/waitlistApplicant). {"metadata":{"emulator":{"name":"functions"},"message":"\u001b[1mhttp\u001b[22m function initialized (http://localhost:5001/bostonhacks-cacioepepe/us-central1/waitlistApplicant)."}}
[info] ✔  functions[changeConfirmationSchedule]: http function initialized (http://localhost:5001/bostonhacks-cacioepepe/us-central1/changeConfirmationSchedule). {"metadata":{"emulator":{"name":"functions"},"message":"\u001b[1mhttp\u001b[22m function initialized (http://localhost:5001/bostonhacks-cacioepepe/us-central1/changeConfirmationSchedule)."}}
[info] ✔  functions[changeRegistrationSchedule]: http function initialized (http://localhost:5001/bostonhacks-cacioepepe/us-central1/changeRegistrationSchedule). {"metadata":{"emulator":{"name":"functions"},"message":"\u001b[1mhttp\u001b[22m function initialized (http://localhost:5001/bostonhacks-cacioepepe/us-central1/changeRegistrationSchedule)."}}
[info] ✔  functions[createEvent]: http function initialized (http://localhost:5001/bostonhacks-cacioepepe/us-central1/createEvent). {"metadata":{"emulator":{"name":"functions"},"message":"\u001b[1mhttp\u001b[22m function initialized (http://localhost:5001/bostonhacks-cacioepepe/us-central1/createEvent)."}}
[info] ✔  functions[createFAQ]: http function initialized (http://localhost:5001/bostonhacks-cacioepepe/us-central1/createFAQ). {"metadata":{"emulator":{"name":"functions"},"message":"\u001b[1mhttp\u001b[22m function initialized (http://localhost:5001/bostonhacks-cacioepepe/us-central1/createFAQ)."}}
[info] ✔  functions[createPrize]: http function initialized (http://localhost:5001/bostonhacks-cacioepepe/us-central1/createPrize). {"metadata":{"emulator":{"name":"functions"},"message":"\u001b[1mhttp\u001b[22m function initialized (http://localhost:5001/bostonhacks-cacioepepe/us-central1/createPrize)."}}
[info] ✔  functions[createSchedule]: http function initialized (http://localhost:5001/bostonhacks-cacioepepe/us-central1/createSchedule). {"metadata":{"emulator":{"name":"functions"},"message":"\u001b[1mhttp\u001b[22m function initialized (http://localhost:5001/bostonhacks-cacioepepe/us-central1/createSchedule)."}}
[info] ✔  functions[createTrack]: http function initialized (http://localhost:5001/bostonhacks-cacioepepe/us-central1/createTrack). {"metadata":{"emulator":{"name":"functions"},"message":"\u001b[1mhttp\u001b[22m function initialized (http://localhost:5001/bostonhacks-cacioepepe/us-central1/createTrack)."}}
[info] ✔  functions[createWifiDetails]: http function initialized (http://localhost:5001/bostonhacks-cacioepepe/us-central1/createWifiDetails). {"metadata":{"emulator":{"name":"functions"},"message":"\u001b[1mhttp\u001b[22m function initialized (http://localhost:5001/bostonhacks-cacioepepe/us-central1/createWifiDetails)."}}
[info] ✔  functions[deleteEvent]: http function initialized (http://localhost:5001/bostonhacks-cacioepepe/us-central1/deleteEvent). {"metadata":{"emulator":{"name":"functions"},"message":"\u001b[1mhttp\u001b[22m function initialized (http://localhost:5001/bostonhacks-cacioepepe/us-central1/deleteEvent)."}}
[info] ✔  functions[deleteFAQ]: http function initialized (http://localhost:5001/bostonhacks-cacioepepe/us-central1/deleteFAQ). {"metadata":{"emulator":{"name":"functions"},"message":"\u001b[1mhttp\u001b[22m function initialized (http://localhost:5001/bostonhacks-cacioepepe/us-central1/deleteFAQ)."}}
[info] ✔  functions[deletePrize]: http function initialized (http://localhost:5001/bostonhacks-cacioepepe/us-central1/deletePrize). {"metadata":{"emulator":{"name":"functions"},"message":"\u001b[1mhttp\u001b[22m function initialized (http://localhost:5001/bostonhacks-cacioepepe/us-central1/deletePrize)."}}
[info] ✔  functions[deleteSchedule]: http function initialized (http://localhost:5001/bostonhacks-cacioepepe/us-central1/deleteSchedule). {"metadata":{"emulator":{"name":"functions"},"message":"\u001b[1mhttp\u001b[22m function initialized (http://localhost:5001/bostonhacks-cacioepepe/us-central1/deleteSchedule)."}}
[info] ✔  functions[deleteTrack]: http function initialized (http://localhost:5001/bostonhacks-cacioepepe/us-central1/deleteTrack). {"metadata":{"emulator":{"name":"functions"},"message":"\u001b[1mhttp\u001b[22m function initialized (http://localhost:5001/bostonhacks-cacioepepe/us-central1/deleteTrack)."}}
[info] ✔  functions[deleteWifi]: http function initialized (http://localhost:5001/bostonhacks-cacioepepe/us-central1/deleteWifi). {"metadata":{"emulator":{"name":"functions"},"message":"\u001b[1mhttp\u001b[22m function initialized (http://localhost:5001/bostonhacks-cacioepepe/us-central1/deleteWifi)."}}
[info] ✔  functions[massAcceptMentor]: http function initialized (http://localhost:5001/bostonhacks-cacioepepe/us-central1/massAcceptMentor). {"metadata":{"emulator":{"name":"functions"},"message":"\u001b[1mhttp\u001b[22m function initialized (http://localhost:5001/bostonhacks-cacioepepe/us-central1/massAcceptMentor)."}}
[info] ✔  functions[massAcceptVolunteer]: http function initialized (http://localhost:5001/bostonhacks-cacioepepe/us-central1/massAcceptVolunteer). {"metadata":{"emulator":{"name":"functions"},"message":"\u001b[1mhttp\u001b[22m function initialized (http://localhost:5001/bostonhacks-cacioepepe/us-central1/massAcceptVolunteer)."}}
[info] ✔  functions[massRejectMentor]: http function initialized (http://localhost:5001/bostonhacks-cacioepepe/us-central1/massRejectMentor). {"metadata":{"emulator":{"name":"functions"},"message":"\u001b[1mhttp\u001b[22m function initialized (http://localhost:5001/bostonhacks-cacioepepe/us-central1/massRejectMentor)."}}
[info] ✔  functions[massRejectVolunteer]: http function initialized (http://localhost:5001/bostonhacks-cacioepepe/us-central1/massRejectVolunteer). {"metadata":{"emulator":{"name":"functions"},"message":"\u001b[1mhttp\u001b[22m function initialized (http://localhost:5001/bostonhacks-cacioepepe/us-central1/massRejectVolunteer)."}}
[info] ✔  functions[readEvents]: http function initialized (http://localhost:5001/bostonhacks-cacioepepe/us-central1/readEvents). {"metadata":{"emulator":{"name":"functions"},"message":"\u001b[1mhttp\u001b[22m function initialized (http://localhost:5001/bostonhacks-cacioepepe/us-central1/readEvents)."}}
[info] ✔  functions[readFAQs]: http function initialized (http://localhost:5001/bostonhacks-cacioepepe/us-central1/readFAQs). {"metadata":{"emulator":{"name":"functions"},"message":"\u001b[1mhttp\u001b[22m function initialized (http://localhost:5001/bostonhacks-cacioepepe/us-central1/readFAQs)."}}
[info] ✔  functions[readPrizes]: http function initialized (http://localhost:5001/bostonhacks-cacioepepe/us-central1/readPrizes). {"metadata":{"emulator":{"name":"functions"},"message":"\u001b[1mhttp\u001b[22m function initialized (http://localhost:5001/bostonhacks-cacioepepe/us-central1/readPrizes)."}}
[info] ✔  functions[readTracks]: http function initialized (http://localhost:5001/bostonhacks-cacioepepe/us-central1/readTracks). {"metadata":{"emulator":{"name":"functions"},"message":"\u001b[1mhttp\u001b[22m function initialized (http://localhost:5001/bostonhacks-cacioepepe/us-central1/readTracks)."}}
[info] ✔  functions[readWifiDetails]: http function initialized (http://localhost:5001/bostonhacks-cacioepepe/us-central1/readWifiDetails). {"metadata":{"emulator":{"name":"functions"},"message":"\u001b[1mhttp\u001b[22m function initialized (http://localhost:5001/bostonhacks-cacioepepe/us-central1/readWifiDetails)."}}
[info] ✔  functions[rejectMentor]: http function initialized (http://localhost:5001/bostonhacks-cacioepepe/us-central1/rejectMentor). {"metadata":{"emulator":{"name":"functions"},"message":"\u001b[1mhttp\u001b[22m function initialized (http://localhost:5001/bostonhacks-cacioepepe/us-central1/rejectMentor)."}}
[info] ✔  functions[rejectVolunteer]: http function initialized (http://localhost:5001/bostonhacks-cacioepepe/us-central1/rejectVolunteer). {"metadata":{"emulator":{"name":"functions"},"message":"\u001b[1mhttp\u001b[22m function initialized (http://localhost:5001/bostonhacks-cacioepepe/us-central1/rejectVolunteer)."}}
[info] ✔  functions[retrieveAllMentors]: http function initialized (http://localhost:5001/bostonhacks-cacioepepe/us-central1/retrieveAllMentors). {"metadata":{"emulator":{"name":"functions"},"message":"\u001b[1mhttp\u001b[22m function initialized (http://localhost:5001/bostonhacks-cacioepepe/us-central1/retrieveAllMentors)."}}
[info] ✔  functions[retrieveAllVolunteers]: http function initialized (http://localhost:5001/bostonhacks-cacioepepe/us-central1/retrieveAllVolunteers). {"metadata":{"emulator":{"name":"functions"},"message":"\u001b[1mhttp\u001b[22m function initialized (http://localhost:5001/bostonhacks-cacioepepe/us-central1/retrieveAllVolunteers)."}}
[info] ✔  functions[updateDeadline]: http function initialized (http://localhost:5001/bostonhacks-cacioepepe/us-central1/updateDeadline). {"metadata":{"emulator":{"name":"functions"},"message":"\u001b[1mhttp\u001b[22m function initialized (http://localhost:5001/bostonhacks-cacioepepe/us-central1/updateDeadline)."}}
[info] ✔  functions[updateEvent]: http function initialized (http://localhost:5001/bostonhacks-cacioepepe/us-central1/updateEvent). {"metadata":{"emulator":{"name":"functions"},"message":"\u001b[1mhttp\u001b[22m function initialized (http://localhost:5001/bostonhacks-cacioepepe/us-central1/updateEvent)."}}
[info] ✔  functions[updateFAQ]: http function initialized (http://localhost:5001/bostonhacks-cacioepepe/us-central1/updateFAQ). {"metadata":{"emulator":{"name":"functions"},"message":"\u001b[1mhttp\u001b[22m function initialized (http://localhost:5001/bostonhacks-cacioepepe/us-central1/updateFAQ)."}}
[info] ✔  functions[updatePrize]: http function initialized (http://localhost:5001/bostonhacks-cacioepepe/us-central1/updatePrize). {"metadata":{"emulator":{"name":"functions"},"message":"\u001b[1mhttp\u001b[22m function initialized (http://localhost:5001/bostonhacks-cacioepepe/us-central1/updatePrize)."}}
[info] ✔  functions[updateTrack]: http function initialized (http://localhost:5001/bostonhacks-cacioepepe/us-central1/updateTrack). {"metadata":{"emulator":{"name":"functions"},"message":"\u001b[1mhttp\u001b[22m function initialized (http://localhost:5001/bostonhacks-cacioepepe/us-central1/updateTrack)."}}
[info] ✔  functions[updateWifiDetails]: http function initialized (http://localhost:5001/bostonhacks-cacioepepe/us-central1/updateWifiDetails). {"metadata":{"emulator":{"name":"functions"},"message":"\u001b[1mhttp\u001b[22m function initialized (http://localhost:5001/bostonhacks-cacioepepe/us-central1/updateWifiDetails)."}}
[info] ✔  functions[uploadSlackInfo]: http function initialized (http://localhost:5001/bostonhacks-cacioepepe/us-central1/uploadSlackInfo). {"metadata":{"emulator":{"name":"functions"},"message":"\u001b[1mhttp\u001b[22m function initialized (http://localhost:5001/bostonhacks-cacioepepe/us-central1/uploadSlackInfo)."}}
[info] ✔  functions[createApplication]: http function initialized (http://localhost:5001/bostonhacks-cacioepepe/us-central1/createApplication). {"metadata":{"emulator":{"name":"functions"},"message":"\u001b[1mhttp\u001b[22m function initialized (http://localhost:5001/bostonhacks-cacioepepe/us-central1/createApplication)."}}
[info] ✔  functions[deleteResume]: http function initialized (http://localhost:5001/bostonhacks-cacioepepe/us-central1/deleteResume). {"metadata":{"emulator":{"name":"functions"},"message":"\u001b[1mhttp\u001b[22m function initialized (http://localhost:5001/bostonhacks-cacioepepe/us-central1/deleteResume)."}}
[info] ✔  functions[loadApplication]: http function initialized (http://localhost:5001/bostonhacks-cacioepepe/us-central1/loadApplication). {"metadata":{"emulator":{"name":"functions"},"message":"\u001b[1mhttp\u001b[22m function initialized (http://localhost:5001/bostonhacks-cacioepepe/us-central1/loadApplication)."}}
[info] ✔  functions[saveApplication]: http function initialized (http://localhost:5001/bostonhacks-cacioepepe/us-central1/saveApplication). {"metadata":{"emulator":{"name":"functions"},"message":"\u001b[1mhttp\u001b[22m function initialized (http://localhost:5001/bostonhacks-cacioepepe/us-central1/saveApplication)."}}
[info] ✔  functions[submitApplication]: http function initialized (http://localhost:5001/bostonhacks-cacioepepe/us-central1/submitApplication). {"metadata":{"emulator":{"name":"functions"},"message":"\u001b[1mhttp\u001b[22m function initialized (http://localhost:5001/bostonhacks-cacioepepe/us-central1/submitApplication)."}}
[info] ✔  functions[uploadResume]: http function initialized (http://localhost:5001/bostonhacks-cacioepepe/us-central1/uploadResume). {"metadata":{"emulator":{"name":"functions"},"message":"\u001b[1mhttp\u001b[22m function initialized (http://localhost:5001/bostonhacks-cacioepepe/us-central1/uploadResume)."}}
[info] ✔  functions[checkinApplicant]: http function initialized (http://localhost:5001/bostonhacks-cacioepepe/us-central1/checkinApplicant). {"metadata":{"emulator":{"name":"functions"},"message":"\u001b[1mhttp\u001b[22m function initialized (http://localhost:5001/bostonhacks-cacioepepe/us-central1/checkinApplicant)."}}
[info] ✔  functions[entryDownload]: http function initialized (http://localhost:5001/bostonhacks-cacioepepe/us-central1/entryDownload). {"metadata":{"emulator":{"name":"functions"},"message":"\u001b[1mhttp\u001b[22m function initialized (http://localhost:5001/bostonhacks-cacioepepe/us-central1/entryDownload)."}}
[info] ✔  functions[selectEntryDownload]: http function initialized (http://localhost:5001/bostonhacks-cacioepepe/us-central1/selectEntryDownload). {"metadata":{"emulator":{"name":"functions"},"message":"\u001b[1mhttp\u001b[22m function initialized (http://localhost:5001/bostonhacks-cacioepepe/us-central1/selectEntryDownload)."}}
[info] ✔  functions[createNewMentor]: http function initialized (http://localhost:5001/bostonhacks-cacioepepe/us-central1/createNewMentor). {"metadata":{"emulator":{"name":"functions"},"message":"\u001b[1mhttp\u001b[22m function initialized (http://localhost:5001/bostonhacks-cacioepepe/us-central1/createNewMentor)."}}
[info] ✔  functions[submitMentorApplication]: http function initialized (http://localhost:5001/bostonhacks-cacioepepe/us-central1/submitMentorApplication). {"metadata":{"emulator":{"name":"functions"},"message":"\u001b[1mhttp\u001b[22m function initialized (http://localhost:5001/bostonhacks-cacioepepe/us-central1/submitMentorApplication)."}}
[info] ✔  functions[checkSlackUser]: http function initialized (http://localhost:5001/bostonhacks-cacioepepe/us-central1/checkSlackUser). {"metadata":{"emulator":{"name":"functions"},"message":"\u001b[1mhttp\u001b[22m function initialized (http://localhost:5001/bostonhacks-cacioepepe/us-central1/checkSlackUser)."}}
[info] ✔  functions[populateSlackComponent]: http function initialized (http://localhost:5001/bostonhacks-cacioepepe/us-central1/populateSlackComponent). {"metadata":{"emulator":{"name":"functions"},"message":"\u001b[1mhttp\u001b[22m function initialized (http://localhost:5001/bostonhacks-cacioepepe/us-central1/populateSlackComponent)."}}
[info] ✔  functions[createNewSponsor]: http function initialized (http://localhost:5001/bostonhacks-cacioepepe/us-central1/createNewSponsor). {"metadata":{"emulator":{"name":"functions"},"message":"\u001b[1mhttp\u001b[22m function initialized (http://localhost:5001/bostonhacks-cacioepepe/us-central1/createNewSponsor)."}}
[info] ✔  functions[oneClickDownload]: http function initialized (http://localhost:5001/bostonhacks-cacioepepe/us-central1/oneClickDownload). {"metadata":{"emulator":{"name":"functions"},"message":"\u001b[1mhttp\u001b[22m function initialized (http://localhost:5001/bostonhacks-cacioepepe/us-central1/oneClickDownload)."}}
[info] ✔  functions[oneClickSelectDownload]: http function initialized (http://localhost:5001/bostonhacks-cacioepepe/us-central1/oneClickSelectDownload). {"metadata":{"emulator":{"name":"functions"},"message":"\u001b[1mhttp\u001b[22m function initialized (http://localhost:5001/bostonhacks-cacioepepe/us-central1/oneClickSelectDownload)."}}
[info] ✔  functions[createNewUser]: http function initialized (http://localhost:5001/bostonhacks-cacioepepe/us-central1/createNewUser). {"metadata":{"emulator":{"name":"functions"},"message":"\u001b[1mhttp\u001b[22m function initialized (http://localhost:5001/bostonhacks-cacioepepe/us-central1/createNewUser)."}}
[info] ✔  functions[generateApplePass]: http function initialized (http://localhost:5001/bostonhacks-cacioepepe/us-central1/generateApplePass). {"metadata":{"emulator":{"name":"functions"},"message":"\u001b[1mhttp\u001b[22m function initialized (http://localhost:5001/bostonhacks-cacioepepe/us-central1/generateApplePass)."}}
[info] ✔  functions[getUserData]: http function initialized (http://localhost:5001/bostonhacks-cacioepepe/us-central1/getUserData). {"metadata":{"emulator":{"name":"functions"},"message":"\u001b[1mhttp\u001b[22m function initialized (http://localhost:5001/bostonhacks-cacioepepe/us-central1/getUserData)."}}
[info] ✔  functions[createNewVolunteer]: http function initialized (http://localhost:5001/bostonhacks-cacioepepe/us-central1/createNewVolunteer). {"metadata":{"emulator":{"name":"functions"},"message":"\u001b[1mhttp\u001b[22m function initialized (http://localhost:5001/bostonhacks-cacioepepe/us-central1/createNewVolunteer)."}}
[info] ✔  functions[submitVolunteerApplication]: http function initialized (http://localhost:5001/bostonhacks-cacioepepe/us-central1/submitVolunteerApplication). {"metadata":{"emulator":{"name":"functions"},"message":"\u001b[1mhttp\u001b[22m function initialized (http://localhost:5001/bostonhacks-cacioepepe/us-central1/submitVolunteerApplication)."}}
[info] 
┌───────────────────────────────────────────────────────────────────────┐
│ ✔  All emulators ready! View status and logs at http://localhost:4000 │
└───────────────────────────────────────────────────────────────────────┘

┌───────────┬────────────────┬─────────────────────────────────┐
│ Emulator  │ Host:Port      │ View in Emulator UI             │
├───────────┼────────────────┼─────────────────────────────────┤
│ Functions │ localhost:5001 │ http://localhost:4000/functions │
├───────────┼────────────────┼─────────────────────────────────┤
│ Firestore │ localhost:8080 │ http://localhost:4000/firestore │
├───────────┼────────────────┼─────────────────────────────────┤
│ Hosting   │ localhost:5000 │ n/a                             │
└───────────┴────────────────┴─────────────────────────────────┘
  Other reserved ports: 4400, 4500

Issues? Report them at https://github.com/firebase/firebase-tools/issues and attach the *-debug.log files.
 
[debug] [2020-07-30T16:50:07.415Z] [worker-~diagnostic~-ca479b46-3dbd-4506-b1d8-6d1885607233]: IDLE {"metadata":{"emulator":{"name":"functions"},"message":"[worker-~diagnostic~-ca479b46-3dbd-4506-b1d8-6d1885607233]: IDLE"}}
[info] i  hosting: 127.0.0.1 - - [30/Jul/2020:16:52:59 +0000] "GET /bostonhacks-cacioepepe/us-central1/readDeadline HTTP/1.1" 404 186 "-" "Mozilla/5.0 (Macintosh; Intel Mac OS X 10_14_6) AppleWebKit/537.36 (KHTML, like Gecko) Chrome/84.0.4147.89 Safari/537.36" {"metadata":{"emulator":{"name":"hosting"},"message":"127.0.0.1 - - [30/Jul/2020:16:52:59 +0000] \"GET /bostonhacks-cacioepepe/us-central1/readDeadline HTTP/1.1\" 404 186 \"-\" \"Mozilla/5.0 (Macintosh; Intel Mac OS X 10_14_6) AppleWebKit/537.36 (KHTML, like Gecko) Chrome/84.0.4147.89 Safari/537.36\""}}
[info] i  hosting: 127.0.0.1 - - [30/Jul/2020:16:53:24 +0000] "GET /bostonhacks-cacioepepe/us-central1/rejectApplicant HTTP/1.1" 404 189 "-" "Mozilla/5.0 (Macintosh; Intel Mac OS X 10_14_6) AppleWebKit/537.36 (KHTML, like Gecko) Chrome/84.0.4147.89 Safari/537.36" {"metadata":{"emulator":{"name":"hosting"},"message":"127.0.0.1 - - [30/Jul/2020:16:53:24 +0000] \"GET /bostonhacks-cacioepepe/us-central1/rejectApplicant HTTP/1.1\" 404 189 \"-\" \"Mozilla/5.0 (Macintosh; Intel Mac OS X 10_14_6) AppleWebKit/537.36 (KHTML, like Gecko) Chrome/84.0.4147.89 Safari/537.36\""}}
[info] i  hosting: 127.0.0.1 - - [30/Jul/2020:16:53:34 +0000] "GET /bostonhacks-cacioepepe/us-central1/rejectApplicant HTTP/1.1" 404 189 "-" "PostmanRuntime/7.26.2" {"metadata":{"emulator":{"name":"hosting"},"message":"127.0.0.1 - - [30/Jul/2020:16:53:34 +0000] \"GET /bostonhacks-cacioepepe/us-central1/rejectApplicant HTTP/1.1\" 404 189 \"-\" \"PostmanRuntime/7.26.2\""}}
[debug] [2020-08-14T00:28:04.152Z] ----------------------------------------------------------------------
[debug] [2020-08-14T00:28:04.154Z] Command:       /usr/local/bin/node /usr/local/bin/firebase functions:shell
[debug] [2020-08-14T00:28:04.155Z] CLI Version:   8.4.1
[debug] [2020-08-14T00:28:04.155Z] Platform:      darwin
[debug] [2020-08-14T00:28:04.155Z] Node Version:  v12.16.3
[debug] [2020-08-14T00:28:04.157Z] Time:          Thu Aug 13 2020 17:28:04 GMT-0700 (Pacific Daylight Time)
[debug] [2020-08-14T00:28:04.158Z] ----------------------------------------------------------------------
[debug] [2020-08-14T00:28:04.158Z] 
[debug] [2020-08-14T00:28:04.170Z] > command requires scopes: ["email","openid","https://www.googleapis.com/auth/cloudplatformprojects.readonly","https://www.googleapis.com/auth/firebase","https://www.googleapis.com/auth/cloud-platform"]
[debug] [2020-08-14T00:28:04.170Z] > authorizing via signed-in user
[debug] [2020-08-14T00:28:04.171Z] [iam] checking project bostonhacks-cacioepepe for permissions ["firebase.projects.get"]
[debug] [2020-08-14T00:28:04.173Z] >>> HTTP REQUEST POST https://cloudresourcemanager.googleapis.com/v1/projects/bostonhacks-cacioepepe:testIamPermissions  
 {"permissions":["firebase.projects.get"]}
[debug] [2020-08-14T00:28:04.585Z] <<< HTTP RESPONSE 200 {"content-type":"application/json; charset=UTF-8","vary":"X-Origin, Referer, Origin,Accept-Encoding","date":"Fri, 14 Aug 2020 00:28:04 GMT","server":"ESF","cache-control":"private","x-xss-protection":"0","x-frame-options":"SAMEORIGIN","x-content-type-options":"nosniff","server-timing":"gfet4t7; dur=241","alt-svc":"h3-29=\":443\"; ma=2592000,h3-27=\":443\"; ma=2592000,h3-T050=\":443\"; ma=2592000,h3-Q050=\":443\"; ma=2592000,h3-Q046=\":443\"; ma=2592000,h3-Q043=\":443\"; ma=2592000,quic=\":443\"; ma=2592000; v=\"46,43\"","accept-ranges":"none","transfer-encoding":"chunked"}
[warn] ⚠  Your requested "node" version "10" doesn't match your global version "12" {"metadata":{"emulator":{"name":"functions"},"message":"Your requested \"node\" version \"10\" doesn't match your global version \"12\""}}
[debug] [2020-08-14T00:28:04.873Z] [functions] Watching "/Users/user/Documents/BostonHacks/cacioepepe/functions" for Cloud Functions...
[debug] [2020-08-14T00:28:04.885Z] DEBUG: [worker-pool] addWorker(~diagnostic~)
[debug] [2020-08-14T00:28:04.885Z] DEBUG: [worker-pool] Adding worker with key ~diagnostic~, total=1
[debug] [2020-08-14T00:28:04.885Z] DEBUG: [worker-pool] submitWork(triggerId=)
[debug] [2020-08-14T00:28:04.886Z] DEBUG: [worker-~diagnostic~-77001039-c5e1-4387-8d5f-b7d425e7565b]: Assigning socketPath: /var/folders/m4/kqqhc_j56txghw60ljclk7mm0000gn/T/fire_emu_34655.sock
[debug] [2020-08-14T00:28:04.886Z] DEBUG: [worker-~diagnostic~-77001039-c5e1-4387-8d5f-b7d425e7565b]: BUSY
[debug] [2020-08-14T00:28:05.228Z] DEBUG: [runtime-status] [34655] Functions runtime initialized. {"cwd":"/Users/user/Documents/BostonHacks/cacioepepe/functions","node_version":"12.16.3"}
[debug] [2020-08-14T00:28:05.230Z] DEBUG: [runtime-status] [34655] Disabled runtime features: undefined
[debug] [2020-08-14T00:28:05.233Z] DEBUG: [runtime-status] [34655] Resolved module firebase-admin {"declared":true,"installed":true,"version":"8.9.2","resolution":"/Users/user/Documents/BostonHacks/cacioepepe/functions/node_modules/firebase-admin/lib/index.js"}
[debug] [2020-08-14T00:28:05.234Z] DEBUG: [runtime-status] [34655] Resolved module firebase-functions {"declared":true,"installed":true,"version":"3.6.2","resolution":"/Users/user/Documents/BostonHacks/cacioepepe/functions/node_modules/firebase-functions/lib/index.js"}
[warn] ⚠  functions: Your GOOGLE_APPLICATION_CREDENTIALS environment variable points to /Users/user/Desktop/BostonHacks/bostonhacks-cacioepepe-b6d2abd849fc.json. Non-emulated services will access production using these credentials. Be careful! {"metadata":{"emulator":{"name":"functions"},"message":"Your GOOGLE_APPLICATION_CREDENTIALS environment variable points to /Users/user/Desktop/BostonHacks/bostonhacks-cacioepepe-b6d2abd849fc.json. Non-emulated services will access production using these credentials. Be careful!"}}
[debug] [2020-08-14T00:28:05.241Z] DEBUG: [runtime-status] [34655] Outgoing network have been stubbed. [{"name":"http","status":"mocked"},{"name":"http","status":"mocked"},{"name":"https","status":"mocked"},{"name":"https","status":"mocked"},{"name":"net","status":"mocked"}]
[debug] [2020-08-14T00:28:05.241Z] DEBUG: [runtime-status] [34655] Resolved module firebase-functions {"declared":true,"installed":true,"version":"3.6.2","resolution":"/Users/user/Documents/BostonHacks/cacioepepe/functions/node_modules/firebase-functions/lib/index.js"}
[debug] [2020-08-14T00:28:05.334Z] DEBUG: [runtime-status] [34655] Checked functions.config() {"config":{}}
[debug] [2020-08-14T00:28:05.335Z] DEBUG: [runtime-status] [34655] firebase-functions has been stubbed. {"functionsResolution":{"declared":true,"installed":true,"version":"3.6.2","resolution":"/Users/user/Documents/BostonHacks/cacioepepe/functions/node_modules/firebase-functions/lib/index.js"}}
[debug] [2020-08-14T00:28:05.335Z] DEBUG: [runtime-status] [34655] Resolved module firebase-functions {"declared":true,"installed":true,"version":"3.6.2","resolution":"/Users/user/Documents/BostonHacks/cacioepepe/functions/node_modules/firebase-functions/lib/index.js"}
[debug] [2020-08-14T00:28:05.341Z] DEBUG: [runtime-status] [34655] Resolved module firebase-admin {"declared":true,"installed":true,"version":"8.9.2","resolution":"/Users/user/Documents/BostonHacks/cacioepepe/functions/node_modules/firebase-admin/lib/index.js"}
[debug] [2020-08-14T00:28:05.342Z] DEBUG: [runtime-status] [34655] Resolved module firebase-functions {"declared":true,"installed":true,"version":"3.6.2","resolution":"/Users/user/Documents/BostonHacks/cacioepepe/functions/node_modules/firebase-functions/lib/index.js"}
[debug] [2020-08-14T00:28:05.342Z] DEBUG: [runtime-status] [34655] firebase-admin has been stubbed. {"adminResolution":{"declared":true,"installed":true,"version":"8.9.2","resolution":"/Users/user/Documents/BostonHacks/cacioepepe/functions/node_modules/firebase-admin/lib/index.js"}}
[debug] [2020-08-14T00:28:05.461Z] DEBUG: [runtime-status] [34655] initializeApp(DEFAULT) {"databaseURL":"https://bostonhacks-cacioepepe.firebaseio.com","storageBucket":"bostonhacks-cacioepepe.appspot.com","projectId":"bostonhacks-cacioepepe"}
[warn] ⚠  functions: The Cloud Firestore emulator is not running, so calls to Firestore will affect production. {"metadata":{"emulator":{"name":"functions"},"message":"The Cloud Firestore emulator is not running, so calls to Firestore will affect production."}}
[debug] [2020-08-14T00:28:06.293Z] [functions[acceptApplicant]] http function initialized (http://localhost:5000/bostonhacks-cacioepepe/us-central1/acceptApplicant).
[debug] [2020-08-14T00:28:06.293Z] [functions[massAcceptEmail]] http function initialized (http://localhost:5000/bostonhacks-cacioepepe/us-central1/massAcceptEmail).
[debug] [2020-08-14T00:28:06.293Z] [functions[massRejectEmail]] http function initialized (http://localhost:5000/bostonhacks-cacioepepe/us-central1/massRejectEmail).
[debug] [2020-08-14T00:28:06.293Z] [functions[massWaitlistEmail]] http function initialized (http://localhost:5000/bostonhacks-cacioepepe/us-central1/massWaitlistEmail).
[debug] [2020-08-14T00:28:06.294Z] [functions[rejectApplicant]] http function initialized (http://localhost:5000/bostonhacks-cacioepepe/us-central1/rejectApplicant).
[debug] [2020-08-14T00:28:06.294Z] [functions[retrieveAllApplications]] http function initialized (http://localhost:5000/bostonhacks-cacioepepe/us-central1/retrieveAllApplications).
[debug] [2020-08-14T00:28:06.294Z] [functions[waitlistApplicant]] http function initialized (http://localhost:5000/bostonhacks-cacioepepe/us-central1/waitlistApplicant).
[debug] [2020-08-14T00:28:06.294Z] [functions[acceptVolunteer]] http function initialized (http://localhost:5000/bostonhacks-cacioepepe/us-central1/acceptVolunteer).
[debug] [2020-08-14T00:28:06.294Z] [functions[massAcceptMentor]] http function initialized (http://localhost:5000/bostonhacks-cacioepepe/us-central1/massAcceptMentor).
[debug] [2020-08-14T00:28:06.294Z] [functions[massAcceptVolunteer]] http function initialized (http://localhost:5000/bostonhacks-cacioepepe/us-central1/massAcceptVolunteer).
[debug] [2020-08-14T00:28:06.294Z] [functions[massRejectMentor]] http function initialized (http://localhost:5000/bostonhacks-cacioepepe/us-central1/massRejectMentor).
[debug] [2020-08-14T00:28:06.294Z] [functions[massRejectVolunteer]] http function initialized (http://localhost:5000/bostonhacks-cacioepepe/us-central1/massRejectVolunteer).
[debug] [2020-08-14T00:28:06.294Z] [functions[rejectMentor]] http function initialized (http://localhost:5000/bostonhacks-cacioepepe/us-central1/rejectMentor).
[debug] [2020-08-14T00:28:06.294Z] [functions[rejectVolunteer]] http function initialized (http://localhost:5000/bostonhacks-cacioepepe/us-central1/rejectVolunteer).
[debug] [2020-08-14T00:28:06.294Z] [functions[retrieveAllMentors]] http function initialized (http://localhost:5000/bostonhacks-cacioepepe/us-central1/retrieveAllMentors).
[debug] [2020-08-14T00:28:06.294Z] [functions[retrieveAllVolunteers]] http function initialized (http://localhost:5000/bostonhacks-cacioepepe/us-central1/retrieveAllVolunteers).
[debug] [2020-08-14T00:28:06.295Z] [functions[changeConfirmationSchedule]] http function initialized (http://localhost:5000/bostonhacks-cacioepepe/us-central1/changeConfirmationSchedule).
[debug] [2020-08-14T00:28:06.295Z] [functions[changeRegistrationSchedule]] http function initialized (http://localhost:5000/bostonhacks-cacioepepe/us-central1/changeRegistrationSchedule).
[debug] [2020-08-14T00:28:06.295Z] [functions[createFAQ]] http function initialized (http://localhost:5000/bostonhacks-cacioepepe/us-central1/createFAQ).
[debug] [2020-08-14T00:28:06.295Z] [functions[createPrize]] http function initialized (http://localhost:5000/bostonhacks-cacioepepe/us-central1/createPrize).
[debug] [2020-08-14T00:28:06.295Z] [functions[createSchedule]] http function initialized (http://localhost:5000/bostonhacks-cacioepepe/us-central1/createSchedule).
[debug] [2020-08-14T00:28:06.295Z] [functions[createTrack]] http function initialized (http://localhost:5000/bostonhacks-cacioepepe/us-central1/createTrack).
[debug] [2020-08-14T00:28:06.295Z] [functions[createWifiDetails]] http function initialized (http://localhost:5000/bostonhacks-cacioepepe/us-central1/createWifiDetails).
[debug] [2020-08-14T00:28:06.295Z] [functions[deleteFAQ]] http function initialized (http://localhost:5000/bostonhacks-cacioepepe/us-central1/deleteFAQ).
[debug] [2020-08-14T00:28:06.295Z] [functions[deletePrize]] http function initialized (http://localhost:5000/bostonhacks-cacioepepe/us-central1/deletePrize).
[debug] [2020-08-14T00:28:06.295Z] [functions[deleteSchedule]] http function initialized (http://localhost:5000/bostonhacks-cacioepepe/us-central1/deleteSchedule).
[debug] [2020-08-14T00:28:06.295Z] [functions[deleteTrack]] http function initialized (http://localhost:5000/bostonhacks-cacioepepe/us-central1/deleteTrack).
[debug] [2020-08-14T00:28:06.295Z] [functions[readFAQs]] http function initialized (http://localhost:5000/bostonhacks-cacioepepe/us-central1/readFAQs).
[debug] [2020-08-14T00:28:06.295Z] [functions[readPrizes]] http function initialized (http://localhost:5000/bostonhacks-cacioepepe/us-central1/readPrizes).
[debug] [2020-08-14T00:28:06.296Z] [functions[readSchedules]] http function initialized (http://localhost:5000/bostonhacks-cacioepepe/us-central1/readSchedules).
[debug] [2020-08-14T00:28:06.296Z] [functions[readTracks]] http function initialized (http://localhost:5000/bostonhacks-cacioepepe/us-central1/readTracks).
[debug] [2020-08-14T00:28:06.296Z] [functions[readWifiDetails]] http function initialized (http://localhost:5000/bostonhacks-cacioepepe/us-central1/readWifiDetails).
[debug] [2020-08-14T00:28:06.296Z] [functions[updateEvent]] http function initialized (http://localhost:5000/bostonhacks-cacioepepe/us-central1/updateEvent).
[debug] [2020-08-14T00:28:06.296Z] [functions[updateFAQ]] http function initialized (http://localhost:5000/bostonhacks-cacioepepe/us-central1/updateFAQ).
[debug] [2020-08-14T00:28:06.296Z] [functions[updatePrize]] http function initialized (http://localhost:5000/bostonhacks-cacioepepe/us-central1/updatePrize).
[debug] [2020-08-14T00:28:06.296Z] [functions[updateWifiDetails]] http function initialized (http://localhost:5000/bostonhacks-cacioepepe/us-central1/updateWifiDetails).
[debug] [2020-08-14T00:28:06.297Z] [functions[uploadSlackInfo]] http function initialized (http://localhost:5000/bostonhacks-cacioepepe/us-central1/uploadSlackInfo).
[debug] [2020-08-14T00:28:06.297Z] [functions[checkinApplicant]] http function initialized (http://localhost:5000/bostonhacks-cacioepepe/us-central1/checkinApplicant).
[debug] [2020-08-14T00:28:06.297Z] [functions[entryDownload]] http function initialized (http://localhost:5000/bostonhacks-cacioepepe/us-central1/entryDownload).
[debug] [2020-08-14T00:28:06.297Z] [functions[selectEntryDownload]] http function initialized (http://localhost:5000/bostonhacks-cacioepepe/us-central1/selectEntryDownload).
[debug] [2020-08-14T00:28:06.297Z] [functions[createApplication]] http function initialized (http://localhost:5000/bostonhacks-cacioepepe/us-central1/createApplication).
[debug] [2020-08-14T00:28:06.297Z] [functions[deleteResume]] http function initialized (http://localhost:5000/bostonhacks-cacioepepe/us-central1/deleteResume).
[debug] [2020-08-14T00:28:06.297Z] [functions[loadApplication]] http function initialized (http://localhost:5000/bostonhacks-cacioepepe/us-central1/loadApplication).
[debug] [2020-08-14T00:28:06.298Z] [functions[saveApplication]] http function initialized (http://localhost:5000/bostonhacks-cacioepepe/us-central1/saveApplication).
[debug] [2020-08-14T00:28:06.298Z] [functions[submitApplication]] http function initialized (http://localhost:5000/bostonhacks-cacioepepe/us-central1/submitApplication).
[debug] [2020-08-14T00:28:06.298Z] [functions[uploadResume]] http function initialized (http://localhost:5000/bostonhacks-cacioepepe/us-central1/uploadResume).
[debug] [2020-08-14T00:28:06.298Z] [functions[createNewMentor]] http function initialized (http://localhost:5000/bostonhacks-cacioepepe/us-central1/createNewMentor).
[debug] [2020-08-14T00:28:06.298Z] [functions[submitMentorApplication]] http function initialized (http://localhost:5000/bostonhacks-cacioepepe/us-central1/submitMentorApplication).
[debug] [2020-08-14T00:28:06.298Z] [functions[checkSlackUser]] http function initialized (http://localhost:5000/bostonhacks-cacioepepe/us-central1/checkSlackUser).
[debug] [2020-08-14T00:28:06.298Z] [functions[populateSlackComponent]] http function initialized (http://localhost:5000/bostonhacks-cacioepepe/us-central1/populateSlackComponent).
[debug] [2020-08-14T00:28:06.298Z] [functions[createNewSponsor]] http function initialized (http://localhost:5000/bostonhacks-cacioepepe/us-central1/createNewSponsor).
[debug] [2020-08-14T00:28:06.298Z] [functions[oneClickDownload]] http function initialized (http://localhost:5000/bostonhacks-cacioepepe/us-central1/oneClickDownload).
[debug] [2020-08-14T00:28:06.298Z] [functions[oneClickSelectDownload]] http function initialized (http://localhost:5000/bostonhacks-cacioepepe/us-central1/oneClickSelectDownload).
[debug] [2020-08-14T00:28:06.299Z] [functions[createNewUser]] http function initialized (http://localhost:5000/bostonhacks-cacioepepe/us-central1/createNewUser).
[debug] [2020-08-14T00:28:06.299Z] [functions[generateApplePass]] http function initialized (http://localhost:5000/bostonhacks-cacioepepe/us-central1/generateApplePass).
[debug] [2020-08-14T00:28:06.299Z] [functions[getUserData]] http function initialized (http://localhost:5000/bostonhacks-cacioepepe/us-central1/getUserData).
[debug] [2020-08-14T00:28:06.299Z] [functions[createNewVolunteer]] http function initialized (http://localhost:5000/bostonhacks-cacioepepe/us-central1/createNewVolunteer).
[debug] [2020-08-14T00:28:06.299Z] [functions[submitVolunteerApplication]] http function initialized (http://localhost:5000/bostonhacks-cacioepepe/us-central1/submitVolunteerApplication).
[info] i  functions: Loaded functions: acceptApplicant, massAcceptEmail, massRejectEmail, massWaitlistEmail, rejectApplicant, retrieveAllApplications, waitlistApplicant, acceptVolunteer, massAcceptMentor, massAcceptVolunteer, massRejectMentor, massRejectVolunteer, rejectMentor, rejectVolunteer, retrieveAllMentors, retrieveAllVolunteers, changeConfirmationSchedule, changeRegistrationSchedule, createFAQ, createPrize, createSchedule, createTrack, createWifiDetails, deleteFAQ, deletePrize, deleteSchedule, deleteTrack, readFAQs, readPrizes, readSchedules, readTracks, readWifiDetails, updateEvent, updateFAQ, updatePrize, updateWifiDetails, uploadSlackInfo, checkinApplicant, entryDownload, selectEntryDownload, createApplication, deleteResume, loadApplication, saveApplication, submitApplication, uploadResume, createNewMentor, submitMentorApplication, checkSlackUser, populateSlackComponent, createNewSponsor, oneClickDownload, oneClickSelectDownload, createNewUser, generateApplePass, getUserData, createNewVolunteer, submitVolunteerApplication 
[warn] ⚠  functions: The following emulators are not running, calls to these services will affect production: firestore, database, pubsub 
[debug] [2020-08-14T00:28:06.313Z] DEBUG: [worker-~diagnostic~-77001039-c5e1-4387-8d5f-b7d425e7565b]: IDLE
