[debug] [2020-09-12T19:54:36.064Z] ----------------------------------------------------------------------
[debug] [2020-09-12T19:54:36.066Z] Command:       /Users/jybang/.nvm/versions/node/v14.3.0/bin/node /Users/jybang/.nvm/versions/node/v14.3.0/bin/firebase functions:shell
[debug] [2020-09-12T19:54:36.066Z] CLI Version:   8.10.0
[debug] [2020-09-12T19:54:36.066Z] Platform:      darwin
[debug] [2020-09-12T19:54:36.066Z] Node Version:  v14.3.0
[debug] [2020-09-12T19:54:36.067Z] Time:          Sat Sep 12 2020 15:54:36 GMT-0400 (Eastern Daylight Time)
[debug] [2020-09-12T19:54:36.067Z] ----------------------------------------------------------------------
[debug] [2020-09-12T19:54:36.067Z] 
[debug] [2020-09-12T19:54:36.074Z] > command requires scopes: ["email","openid","https://www.googleapis.com/auth/cloudplatformprojects.readonly","https://www.googleapis.com/auth/firebase","https://www.googleapis.com/auth/cloud-platform"]
[debug] [2020-09-12T19:54:36.074Z] > authorizing via signed-in user
[debug] [2020-09-12T19:54:36.074Z] [iam] checking project bostonhacks-cacioepepe for permissions ["firebase.projects.get"]
[debug] [2020-09-12T19:54:36.077Z] >>> HTTP REQUEST POST https://cloudresourcemanager.googleapis.com/v1/projects/bostonhacks-cacioepepe:testIamPermissions  
 {"permissions":["firebase.projects.get"]}
[debug] [2020-09-12T19:54:36.311Z] <<< HTTP RESPONSE 200 {"content-type":"application/json; charset=UTF-8","vary":"X-Origin, Referer, Origin,Accept-Encoding","date":"Sat, 12 Sep 2020 19:54:36 GMT","server":"ESF","cache-control":"private","x-xss-protection":"0","x-frame-options":"SAMEORIGIN","x-content-type-options":"nosniff","server-timing":"gfet4t7; dur=146","alt-svc":"h3-29=\":443\"; ma=2592000,h3-27=\":443\"; ma=2592000,h3-T051=\":443\"; ma=2592000,h3-T050=\":443\"; ma=2592000,h3-Q050=\":443\"; ma=2592000,h3-Q046=\":443\"; ma=2592000,h3-Q043=\":443\"; ma=2592000,quic=\":443\"; ma=2592000; v=\"46,43\"","accept-ranges":"none","transfer-encoding":"chunked"}
[warn] ⚠  Your requested "node" version "10" doesn't match your global version "14" {"metadata":{"emulator":{"name":"functions"},"message":"Your requested \"node\" version \"10\" doesn't match your global version \"14\""}}
[warn] ⚠  functions: Your GOOGLE_APPLICATION_CREDENTIALS environment variable points to /Users/jybang/Documents/GitHub/BostonHacks/Cacioepepe-a8d01db9ada2.json. Non-emulated services will access production using these credentials. Be careful! {"metadata":{"emulator":{"name":"functions"},"message":"Your GOOGLE_APPLICATION_CREDENTIALS environment variable points to /Users/jybang/Documents/GitHub/BostonHacks/Cacioepepe-a8d01db9ada2.json. Non-emulated services will access production using these credentials. Be careful!"}}
[debug] [2020-09-12T19:54:36.332Z] [functions] Watching "/Users/jybang/Documents/GitHub/BostonHacks/cacioepepe/functions" for Cloud Functions...
[debug] [2020-09-12T19:54:36.339Z] DEBUG: [worker-pool] addWorker(~diagnostic~)
[debug] [2020-09-12T19:54:36.340Z] DEBUG: [worker-pool] Adding worker with key ~diagnostic~, total=1
[debug] [2020-09-12T19:54:36.340Z] DEBUG: [worker-pool] submitWork(triggerId=)
[debug] [2020-09-12T19:54:36.340Z] DEBUG: [worker-~diagnostic~-7d66455c-f16c-4790-961f-2447160aa5c8]: Assigning socketPath: /var/folders/5l/kk7qyz_n0w501b486m0r8dnm0000gn/T/fire_emu_11242.sock
[debug] [2020-09-12T19:54:36.340Z] DEBUG: [worker-~diagnostic~-7d66455c-f16c-4790-961f-2447160aa5c8]: BUSY
[debug] [2020-09-12T19:54:36.604Z] DEBUG: [runtime-status] [11242] Functions runtime initialized. {"cwd":"/Users/jybang/Documents/GitHub/BostonHacks/cacioepepe/functions","node_version":"14.3.0"}
[debug] [2020-09-12T19:54:36.605Z] DEBUG: [runtime-status] [11242] Disabled runtime features: undefined
[debug] [2020-09-12T19:54:36.608Z] DEBUG: [runtime-status] [11242] Resolved module firebase-admin {"declared":true,"installed":true,"version":"8.9.2","resolution":"/Users/jybang/Documents/GitHub/BostonHacks/cacioepepe/functions/node_modules/firebase-admin/lib/index.js"}
[debug] [2020-09-12T19:54:36.610Z] DEBUG: [runtime-status] [11242] Resolved module firebase-functions {"declared":true,"installed":true,"version":"3.6.1","resolution":"/Users/jybang/Documents/GitHub/BostonHacks/cacioepepe/functions/node_modules/firebase-functions/lib/index.js"}
[debug] [2020-09-12T19:54:36.611Z] DEBUG: [runtime-status] [11242] Resolved module firebase-functions {"declared":true,"installed":true,"version":"3.6.1","resolution":"/Users/jybang/Documents/GitHub/BostonHacks/cacioepepe/functions/node_modules/firebase-functions/lib/index.js"}
[debug] [2020-09-12T19:54:36.613Z] DEBUG: [runtime-status] [11242] Outgoing network have been stubbed. [{"name":"http","status":"mocked"},{"name":"http","status":"mocked"},{"name":"https","status":"mocked"},{"name":"https","status":"mocked"},{"name":"net","status":"mocked"}]
[debug] [2020-09-12T19:54:36.613Z] DEBUG: [runtime-status] [11242] Resolved module firebase-functions {"declared":true,"installed":true,"version":"3.6.1","resolution":"/Users/jybang/Documents/GitHub/BostonHacks/cacioepepe/functions/node_modules/firebase-functions/lib/index.js"}
[debug] [2020-09-12T19:54:36.657Z] DEBUG: [runtime-status] [11242] Checked functions.config() {"config":{}}
[debug] [2020-09-12T19:54:36.657Z] DEBUG: [runtime-status] [11242] firebase-functions has been stubbed. {"functionsResolution":{"declared":true,"installed":true,"version":"3.6.1","resolution":"/Users/jybang/Documents/GitHub/BostonHacks/cacioepepe/functions/node_modules/firebase-functions/lib/index.js"}}
[debug] [2020-09-12T19:54:36.657Z] DEBUG: [runtime-status] [11242] Resolved module firebase-functions {"declared":true,"installed":true,"version":"3.6.1","resolution":"/Users/jybang/Documents/GitHub/BostonHacks/cacioepepe/functions/node_modules/firebase-functions/lib/index.js"}
[debug] [2020-09-12T19:54:36.658Z] DEBUG: [runtime-status] [11242] Resolved module firebase-admin {"declared":true,"installed":true,"version":"8.9.2","resolution":"/Users/jybang/Documents/GitHub/BostonHacks/cacioepepe/functions/node_modules/firebase-admin/lib/index.js"}
[debug] [2020-09-12T19:54:36.659Z] DEBUG: [runtime-status] [11242] Resolved module firebase-functions {"declared":true,"installed":true,"version":"3.6.1","resolution":"/Users/jybang/Documents/GitHub/BostonHacks/cacioepepe/functions/node_modules/firebase-functions/lib/index.js"}
[debug] [2020-09-12T19:54:36.659Z] DEBUG: [runtime-status] [11242] firebase-admin has been stubbed. {"adminResolution":{"declared":true,"installed":true,"version":"8.9.2","resolution":"/Users/jybang/Documents/GitHub/BostonHacks/cacioepepe/functions/node_modules/firebase-admin/lib/index.js"}}
[debug] [2020-09-12T19:54:36.748Z] DEBUG: [runtime-status] [11242] initializeApp(DEFAULT) {"databaseURL":"https://bostonhacks-cacioepepe.firebaseio.com","storageBucket":"bostonhacks-cacioepepe.appspot.com","projectId":"bostonhacks-cacioepepe"}
[warn] ⚠  functions: The Cloud Firestore emulator is not running, so calls to Firestore will affect production. {"metadata":{"emulator":{"name":"functions"},"message":"The Cloud Firestore emulator is not running, so calls to Firestore will affect production."}}
[warn] ⚠  Error: Cannot find module '@slack/web-api'
Require stack:
- /Users/jybang/Documents/GitHub/BostonHacks/cacioepepe/functions/slackFunctions/checkSlackUser.function.js
- /Users/jybang/Documents/GitHub/BostonHacks/cacioepepe/functions/index.js
- /Users/jybang/.nvm/versions/node/v14.3.0/lib/node_modules/firebase-tools/lib/emulator/functionsEmulatorRuntime.js
    at Function.Module._resolveFilename (internal/modules/cjs/loader.js:1029:15)
    at Function.Module._load (internal/modules/cjs/loader.js:898:27)
    at Module.require (internal/modules/cjs/loader.js:1089:19)
    at require (internal/modules/cjs/helpers.js:73:18)
    at Object.<anonymous> (/Users/jybang/Documents/GitHub/BostonHacks/cacioepepe/functions/slackFunctions/checkSlackUser.function.js:6:23)
    at Module._compile (internal/modules/cjs/loader.js:1200:30)
    at Object.Module._extensions..js (internal/modules/cjs/loader.js:1220:10)
    at Module.load (internal/modules/cjs/loader.js:1049:32)
    at Function.Module._load (internal/modules/cjs/loader.js:937:14)
    at Module.require (internal/modules/cjs/loader.js:1089:19) {"metadata":{"emulator":{"name":"functions"},"message":"Error: Cannot find module '@slack/web-api'\nRequire stack:\n- /Users/jybang/Documents/GitHub/BostonHacks/cacioepepe/functions/slackFunctions/checkSlackUser.function.js\n- /Users/jybang/Documents/GitHub/BostonHacks/cacioepepe/functions/index.js\n- /Users/jybang/.nvm/versions/node/v14.3.0/lib/node_modules/firebase-tools/lib/emulator/functionsEmulatorRuntime.js\n    at Function.Module._resolveFilename (internal/modules/cjs/loader.js:1029:15)\n    at Function.Module._load (internal/modules/cjs/loader.js:898:27)\n    at Module.require (internal/modules/cjs/loader.js:1089:19)\n    at require (internal/modules/cjs/helpers.js:73:18)\n    at Object.<anonymous> (/Users/jybang/Documents/GitHub/BostonHacks/cacioepepe/functions/slackFunctions/checkSlackUser.function.js:6:23)\n    at Module._compile (internal/modules/cjs/loader.js:1200:30)\n    at Object.Module._extensions..js (internal/modules/cjs/loader.js:1220:10)\n    at Module.load (internal/modules/cjs/loader.js:1049:32)\n    at Function.Module._load (internal/modules/cjs/loader.js:937:14)\n    at Module.require (internal/modules/cjs/loader.js:1089:19)"}}
[warn] ⚠  We were unable to load your functions code. (see above) {"metadata":{"emulator":{"name":"functions"}}}
[debug] [2020-09-12T19:54:37.243Z] DEBUG: [worker-~diagnostic~-7d66455c-f16c-4790-961f-2447160aa5c8]: exited
[debug] [2020-09-12T19:54:37.244Z] DEBUG: [worker-~diagnostic~-7d66455c-f16c-4790-961f-2447160aa5c8]: FINISHED
[debug] [2020-09-12T19:56:32.568Z] ----------------------------------------------------------------------
[debug] [2020-09-12T19:56:32.570Z] Command:       /Users/jybang/.nvm/versions/node/v14.3.0/bin/node /Users/jybang/.nvm/versions/node/v14.3.0/bin/firebase functions:shell
[debug] [2020-09-12T19:56:32.570Z] CLI Version:   8.10.0
[debug] [2020-09-12T19:56:32.570Z] Platform:      darwin
[debug] [2020-09-12T19:56:32.570Z] Node Version:  v14.3.0
[debug] [2020-09-12T19:56:32.571Z] Time:          Sat Sep 12 2020 15:56:32 GMT-0400 (Eastern Daylight Time)
[debug] [2020-09-12T19:56:32.571Z] ----------------------------------------------------------------------
[debug] [2020-09-12T19:56:32.571Z] 
[debug] [2020-09-12T19:56:32.578Z] > command requires scopes: ["email","openid","https://www.googleapis.com/auth/cloudplatformprojects.readonly","https://www.googleapis.com/auth/firebase","https://www.googleapis.com/auth/cloud-platform"]
[debug] [2020-09-12T19:56:32.578Z] > authorizing via signed-in user
[debug] [2020-09-12T19:56:32.579Z] [iam] checking project bostonhacks-cacioepepe for permissions ["firebase.projects.get"]
[debug] [2020-09-12T19:56:32.581Z] >>> HTTP REQUEST POST https://cloudresourcemanager.googleapis.com/v1/projects/bostonhacks-cacioepepe:testIamPermissions  
 {"permissions":["firebase.projects.get"]}
[debug] [2020-09-12T19:56:32.803Z] <<< HTTP RESPONSE 200 {"content-type":"application/json; charset=UTF-8","vary":"X-Origin, Referer, Origin,Accept-Encoding","date":"Sat, 12 Sep 2020 19:56:32 GMT","server":"ESF","cache-control":"private","x-xss-protection":"0","x-frame-options":"SAMEORIGIN","x-content-type-options":"nosniff","server-timing":"gfet4t7; dur=142","alt-svc":"h3-29=\":443\"; ma=2592000,h3-27=\":443\"; ma=2592000,h3-T051=\":443\"; ma=2592000,h3-T050=\":443\"; ma=2592000,h3-Q050=\":443\"; ma=2592000,h3-Q046=\":443\"; ma=2592000,h3-Q043=\":443\"; ma=2592000,quic=\":443\"; ma=2592000; v=\"46,43\"","accept-ranges":"none","transfer-encoding":"chunked"}
[warn] ⚠  Your requested "node" version "10" doesn't match your global version "14" {"metadata":{"emulator":{"name":"functions"},"message":"Your requested \"node\" version \"10\" doesn't match your global version \"14\""}}
[warn] ⚠  functions: Your GOOGLE_APPLICATION_CREDENTIALS environment variable points to /Users/jybang/Documents/GitHub/BostonHacks/Cacioepepe-a8d01db9ada2.json. Non-emulated services will access production using these credentials. Be careful! {"metadata":{"emulator":{"name":"functions"},"message":"Your GOOGLE_APPLICATION_CREDENTIALS environment variable points to /Users/jybang/Documents/GitHub/BostonHacks/Cacioepepe-a8d01db9ada2.json. Non-emulated services will access production using these credentials. Be careful!"}}
[debug] [2020-09-12T19:56:32.823Z] [functions] Watching "/Users/jybang/Documents/GitHub/BostonHacks/cacioepepe/functions" for Cloud Functions...
[debug] [2020-09-12T19:56:32.831Z] DEBUG: [worker-pool] addWorker(~diagnostic~)
[debug] [2020-09-12T19:56:32.831Z] DEBUG: [worker-pool] Adding worker with key ~diagnostic~, total=1
[debug] [2020-09-12T19:56:32.831Z] DEBUG: [worker-pool] submitWork(triggerId=)
[debug] [2020-09-12T19:56:32.831Z] DEBUG: [worker-~diagnostic~-0de556af-62ab-44f0-a9f3-1f6d137c1ba0]: Assigning socketPath: /var/folders/5l/kk7qyz_n0w501b486m0r8dnm0000gn/T/fire_emu_11822.sock
[debug] [2020-09-12T19:56:32.832Z] DEBUG: [worker-~diagnostic~-0de556af-62ab-44f0-a9f3-1f6d137c1ba0]: BUSY
[debug] [2020-09-12T19:56:33.073Z] DEBUG: [runtime-status] [11822] Functions runtime initialized. {"cwd":"/Users/jybang/Documents/GitHub/BostonHacks/cacioepepe/functions","node_version":"14.3.0"}
[debug] [2020-09-12T19:56:33.074Z] DEBUG: [runtime-status] [11822] Disabled runtime features: undefined
[debug] [2020-09-12T19:56:33.076Z] DEBUG: [runtime-status] [11822] Resolved module firebase-admin {"declared":true,"installed":true,"version":"8.9.2","resolution":"/Users/jybang/Documents/GitHub/BostonHacks/cacioepepe/functions/node_modules/firebase-admin/lib/index.js"}
[debug] [2020-09-12T19:56:33.078Z] DEBUG: [runtime-status] [11822] Resolved module firebase-functions {"declared":true,"installed":true,"version":"3.6.1","resolution":"/Users/jybang/Documents/GitHub/BostonHacks/cacioepepe/functions/node_modules/firebase-functions/lib/index.js"}
[debug] [2020-09-12T19:56:33.079Z] DEBUG: [runtime-status] [11822] Resolved module firebase-functions {"declared":true,"installed":true,"version":"3.6.1","resolution":"/Users/jybang/Documents/GitHub/BostonHacks/cacioepepe/functions/node_modules/firebase-functions/lib/index.js"}
[debug] [2020-09-12T19:56:33.081Z] DEBUG: [runtime-status] [11822] Outgoing network have been stubbed. [{"name":"http","status":"mocked"},{"name":"http","status":"mocked"},{"name":"https","status":"mocked"},{"name":"https","status":"mocked"},{"name":"net","status":"mocked"}]
[debug] [2020-09-12T19:56:33.081Z] DEBUG: [runtime-status] [11822] Resolved module firebase-functions {"declared":true,"installed":true,"version":"3.6.1","resolution":"/Users/jybang/Documents/GitHub/BostonHacks/cacioepepe/functions/node_modules/firebase-functions/lib/index.js"}
[debug] [2020-09-12T19:56:33.124Z] DEBUG: [runtime-status] [11822] Checked functions.config() {"config":{}}
[debug] [2020-09-12T19:56:33.124Z] DEBUG: [runtime-status] [11822] firebase-functions has been stubbed. {"functionsResolution":{"declared":true,"installed":true,"version":"3.6.1","resolution":"/Users/jybang/Documents/GitHub/BostonHacks/cacioepepe/functions/node_modules/firebase-functions/lib/index.js"}}
[debug] [2020-09-12T19:56:33.125Z] DEBUG: [runtime-status] [11822] Resolved module firebase-functions {"declared":true,"installed":true,"version":"3.6.1","resolution":"/Users/jybang/Documents/GitHub/BostonHacks/cacioepepe/functions/node_modules/firebase-functions/lib/index.js"}
[debug] [2020-09-12T19:56:33.125Z] DEBUG: [runtime-status] [11822] Resolved module firebase-admin {"declared":true,"installed":true,"version":"8.9.2","resolution":"/Users/jybang/Documents/GitHub/BostonHacks/cacioepepe/functions/node_modules/firebase-admin/lib/index.js"}
[debug] [2020-09-12T19:56:33.126Z] DEBUG: [runtime-status] [11822] Resolved module firebase-functions {"declared":true,"installed":true,"version":"3.6.1","resolution":"/Users/jybang/Documents/GitHub/BostonHacks/cacioepepe/functions/node_modules/firebase-functions/lib/index.js"}
[debug] [2020-09-12T19:56:33.126Z] DEBUG: [runtime-status] [11822] firebase-admin has been stubbed. {"adminResolution":{"declared":true,"installed":true,"version":"8.9.2","resolution":"/Users/jybang/Documents/GitHub/BostonHacks/cacioepepe/functions/node_modules/firebase-admin/lib/index.js"}}
[debug] [2020-09-12T19:56:33.208Z] DEBUG: [runtime-status] [11822] initializeApp(DEFAULT) {"databaseURL":"https://bostonhacks-cacioepepe.firebaseio.com","storageBucket":"bostonhacks-cacioepepe.appspot.com","projectId":"bostonhacks-cacioepepe"}
[warn] ⚠  functions: The Cloud Firestore emulator is not running, so calls to Firestore will affect production. {"metadata":{"emulator":{"name":"functions"},"message":"The Cloud Firestore emulator is not running, so calls to Firestore will affect production."}}
[warn] ⚠  Error: Cannot find module 'json-2-csv'
Require stack:
- /Users/jybang/Documents/GitHub/BostonHacks/cacioepepe/functions/csvDownload/entryDownload.function.js
- /Users/jybang/Documents/GitHub/BostonHacks/cacioepepe/functions/index.js
- /Users/jybang/.nvm/versions/node/v14.3.0/lib/node_modules/firebase-tools/lib/emulator/functionsEmulatorRuntime.js
    at Function.Module._resolveFilename (internal/modules/cjs/loader.js:1029:15)
    at Function.Module._load (internal/modules/cjs/loader.js:898:27)
    at Module.require (internal/modules/cjs/loader.js:1089:19)
    at require (internal/modules/cjs/helpers.js:73:18)
    at Object.<anonymous> (/Users/jybang/Documents/GitHub/BostonHacks/cacioepepe/functions/csvDownload/entryDownload.function.js:7:19)
    at Module._compile (internal/modules/cjs/loader.js:1200:30)
    at Object.Module._extensions..js (internal/modules/cjs/loader.js:1220:10)
    at Module.load (internal/modules/cjs/loader.js:1049:32)
    at Function.Module._load (internal/modules/cjs/loader.js:937:14)
    at Module.require (internal/modules/cjs/loader.js:1089:19) {"metadata":{"emulator":{"name":"functions"},"message":"Error: Cannot find module 'json-2-csv'\nRequire stack:\n- /Users/jybang/Documents/GitHub/BostonHacks/cacioepepe/functions/csvDownload/entryDownload.function.js\n- /Users/jybang/Documents/GitHub/BostonHacks/cacioepepe/functions/index.js\n- /Users/jybang/.nvm/versions/node/v14.3.0/lib/node_modules/firebase-tools/lib/emulator/functionsEmulatorRuntime.js\n    at Function.Module._resolveFilename (internal/modules/cjs/loader.js:1029:15)\n    at Function.Module._load (internal/modules/cjs/loader.js:898:27)\n    at Module.require (internal/modules/cjs/loader.js:1089:19)\n    at require (internal/modules/cjs/helpers.js:73:18)\n    at Object.<anonymous> (/Users/jybang/Documents/GitHub/BostonHacks/cacioepepe/functions/csvDownload/entryDownload.function.js:7:19)\n    at Module._compile (internal/modules/cjs/loader.js:1200:30)\n    at Object.Module._extensions..js (internal/modules/cjs/loader.js:1220:10)\n    at Module.load (internal/modules/cjs/loader.js:1049:32)\n    at Function.Module._load (internal/modules/cjs/loader.js:937:14)\n    at Module.require (internal/modules/cjs/loader.js:1089:19)"}}
[warn] ⚠  We were unable to load your functions code. (see above) {"metadata":{"emulator":{"name":"functions"}}}
[debug] [2020-09-12T19:56:33.552Z] DEBUG: [worker-~diagnostic~-0de556af-62ab-44f0-a9f3-1f6d137c1ba0]: exited
[debug] [2020-09-12T19:56:33.552Z] DEBUG: [worker-~diagnostic~-0de556af-62ab-44f0-a9f3-1f6d137c1ba0]: FINISHED
[debug] [2020-09-12T19:57:30.976Z] ----------------------------------------------------------------------
[debug] [2020-09-12T19:57:30.978Z] Command:       /Users/jybang/.nvm/versions/node/v14.3.0/bin/node /Users/jybang/.nvm/versions/node/v14.3.0/bin/firebase functions:shell
[debug] [2020-09-12T19:57:30.978Z] CLI Version:   8.10.0
[debug] [2020-09-12T19:57:30.978Z] Platform:      darwin
[debug] [2020-09-12T19:57:30.978Z] Node Version:  v14.3.0
[debug] [2020-09-12T19:57:30.979Z] Time:          Sat Sep 12 2020 15:57:30 GMT-0400 (Eastern Daylight Time)
[debug] [2020-09-12T19:57:30.979Z] ----------------------------------------------------------------------
[debug] [2020-09-12T19:57:30.979Z] 
[debug] [2020-09-12T19:57:30.989Z] > command requires scopes: ["email","openid","https://www.googleapis.com/auth/cloudplatformprojects.readonly","https://www.googleapis.com/auth/firebase","https://www.googleapis.com/auth/cloud-platform"]
[debug] [2020-09-12T19:57:30.989Z] > authorizing via signed-in user
[debug] [2020-09-12T19:57:30.989Z] [iam] checking project bostonhacks-cacioepepe for permissions ["firebase.projects.get"]
[debug] [2020-09-12T19:57:30.991Z] >>> HTTP REQUEST POST https://cloudresourcemanager.googleapis.com/v1/projects/bostonhacks-cacioepepe:testIamPermissions  
 {"permissions":["firebase.projects.get"]}
[debug] [2020-09-12T19:57:31.208Z] <<< HTTP RESPONSE 200 {"content-type":"application/json; charset=UTF-8","vary":"X-Origin, Referer, Origin,Accept-Encoding","date":"Sat, 12 Sep 2020 19:57:31 GMT","server":"ESF","cache-control":"private","x-xss-protection":"0","x-frame-options":"SAMEORIGIN","x-content-type-options":"nosniff","server-timing":"gfet4t7; dur=138","alt-svc":"h3-29=\":443\"; ma=2592000,h3-27=\":443\"; ma=2592000,h3-T051=\":443\"; ma=2592000,h3-T050=\":443\"; ma=2592000,h3-Q050=\":443\"; ma=2592000,h3-Q046=\":443\"; ma=2592000,h3-Q043=\":443\"; ma=2592000,quic=\":443\"; ma=2592000; v=\"46,43\"","accept-ranges":"none","transfer-encoding":"chunked"}
[warn] ⚠  Your requested "node" version "10" doesn't match your global version "14" {"metadata":{"emulator":{"name":"functions"},"message":"Your requested \"node\" version \"10\" doesn't match your global version \"14\""}}
[warn] ⚠  functions: Your GOOGLE_APPLICATION_CREDENTIALS environment variable points to /Users/jybang/Documents/GitHub/BostonHacks/Cacioepepe-a8d01db9ada2.json. Non-emulated services will access production using these credentials. Be careful! {"metadata":{"emulator":{"name":"functions"},"message":"Your GOOGLE_APPLICATION_CREDENTIALS environment variable points to /Users/jybang/Documents/GitHub/BostonHacks/Cacioepepe-a8d01db9ada2.json. Non-emulated services will access production using these credentials. Be careful!"}}
[debug] [2020-09-12T19:57:31.231Z] [functions] Watching "/Users/jybang/Documents/GitHub/BostonHacks/cacioepepe/functions" for Cloud Functions...
[debug] [2020-09-12T19:57:31.239Z] DEBUG: [worker-pool] addWorker(~diagnostic~)
[debug] [2020-09-12T19:57:31.239Z] DEBUG: [worker-pool] Adding worker with key ~diagnostic~, total=1
[debug] [2020-09-12T19:57:31.239Z] DEBUG: [worker-pool] submitWork(triggerId=)
[debug] [2020-09-12T19:57:31.240Z] DEBUG: [worker-~diagnostic~-30961c4e-316b-4088-b572-0a9c6af02a08]: Assigning socketPath: /var/folders/5l/kk7qyz_n0w501b486m0r8dnm0000gn/T/fire_emu_12396.sock
[debug] [2020-09-12T19:57:31.240Z] DEBUG: [worker-~diagnostic~-30961c4e-316b-4088-b572-0a9c6af02a08]: BUSY
[debug] [2020-09-12T19:57:31.485Z] DEBUG: [runtime-status] [12396] Functions runtime initialized. {"cwd":"/Users/jybang/Documents/GitHub/BostonHacks/cacioepepe/functions","node_version":"14.3.0"}
[debug] [2020-09-12T19:57:31.486Z] DEBUG: [runtime-status] [12396] Disabled runtime features: undefined
[debug] [2020-09-12T19:57:31.489Z] DEBUG: [runtime-status] [12396] Resolved module firebase-admin {"declared":true,"installed":true,"version":"8.9.2","resolution":"/Users/jybang/Documents/GitHub/BostonHacks/cacioepepe/functions/node_modules/firebase-admin/lib/index.js"}
[debug] [2020-09-12T19:57:31.491Z] DEBUG: [runtime-status] [12396] Resolved module firebase-functions {"declared":true,"installed":true,"version":"3.6.1","resolution":"/Users/jybang/Documents/GitHub/BostonHacks/cacioepepe/functions/node_modules/firebase-functions/lib/index.js"}
[debug] [2020-09-12T19:57:31.493Z] DEBUG: [runtime-status] [12396] Resolved module firebase-functions {"declared":true,"installed":true,"version":"3.6.1","resolution":"/Users/jybang/Documents/GitHub/BostonHacks/cacioepepe/functions/node_modules/firebase-functions/lib/index.js"}
[debug] [2020-09-12T19:57:31.495Z] DEBUG: [runtime-status] [12396] Outgoing network have been stubbed. [{"name":"http","status":"mocked"},{"name":"http","status":"mocked"},{"name":"https","status":"mocked"},{"name":"https","status":"mocked"},{"name":"net","status":"mocked"}]
[debug] [2020-09-12T19:57:31.495Z] DEBUG: [runtime-status] [12396] Resolved module firebase-functions {"declared":true,"installed":true,"version":"3.6.1","resolution":"/Users/jybang/Documents/GitHub/BostonHacks/cacioepepe/functions/node_modules/firebase-functions/lib/index.js"}
[debug] [2020-09-12T19:57:31.540Z] DEBUG: [runtime-status] [12396] Checked functions.config() {"config":{}}
[debug] [2020-09-12T19:57:31.540Z] DEBUG: [runtime-status] [12396] firebase-functions has been stubbed. {"functionsResolution":{"declared":true,"installed":true,"version":"3.6.1","resolution":"/Users/jybang/Documents/GitHub/BostonHacks/cacioepepe/functions/node_modules/firebase-functions/lib/index.js"}}
[debug] [2020-09-12T19:57:31.540Z] DEBUG: [runtime-status] [12396] Resolved module firebase-functions {"declared":true,"installed":true,"version":"3.6.1","resolution":"/Users/jybang/Documents/GitHub/BostonHacks/cacioepepe/functions/node_modules/firebase-functions/lib/index.js"}
[debug] [2020-09-12T19:57:31.541Z] DEBUG: [runtime-status] [12396] Resolved module firebase-admin {"declared":true,"installed":true,"version":"8.9.2","resolution":"/Users/jybang/Documents/GitHub/BostonHacks/cacioepepe/functions/node_modules/firebase-admin/lib/index.js"}
[debug] [2020-09-12T19:57:31.541Z] DEBUG: [runtime-status] [12396] Resolved module firebase-functions {"declared":true,"installed":true,"version":"3.6.1","resolution":"/Users/jybang/Documents/GitHub/BostonHacks/cacioepepe/functions/node_modules/firebase-functions/lib/index.js"}
[debug] [2020-09-12T19:57:31.541Z] DEBUG: [runtime-status] [12396] firebase-admin has been stubbed. {"adminResolution":{"declared":true,"installed":true,"version":"8.9.2","resolution":"/Users/jybang/Documents/GitHub/BostonHacks/cacioepepe/functions/node_modules/firebase-admin/lib/index.js"}}
[debug] [2020-09-12T19:57:31.632Z] DEBUG: [runtime-status] [12396] initializeApp(DEFAULT) {"databaseURL":"https://bostonhacks-cacioepepe.firebaseio.com","storageBucket":"bostonhacks-cacioepepe.appspot.com","projectId":"bostonhacks-cacioepepe"}
[warn] ⚠  functions: The Cloud Firestore emulator is not running, so calls to Firestore will affect production. {"metadata":{"emulator":{"name":"functions"},"message":"The Cloud Firestore emulator is not running, so calls to Firestore will affect production."}}
[warn] ⚠  Error: Cannot find module '@slack/web-api'
Require stack:
- /Users/jybang/Documents/GitHub/BostonHacks/cacioepepe/functions/slackFunctions/checkSlackUser.function.js
- /Users/jybang/Documents/GitHub/BostonHacks/cacioepepe/functions/index.js
- /Users/jybang/.nvm/versions/node/v14.3.0/lib/node_modules/firebase-tools/lib/emulator/functionsEmulatorRuntime.js
    at Function.Module._resolveFilename (internal/modules/cjs/loader.js:1029:15)
    at Function.Module._load (internal/modules/cjs/loader.js:898:27)
    at Module.require (internal/modules/cjs/loader.js:1089:19)
    at require (internal/modules/cjs/helpers.js:73:18)
    at Object.<anonymous> (/Users/jybang/Documents/GitHub/BostonHacks/cacioepepe/functions/slackFunctions/checkSlackUser.function.js:6:23)
    at Module._compile (internal/modules/cjs/loader.js:1200:30)
    at Object.Module._extensions..js (internal/modules/cjs/loader.js:1220:10)
    at Module.load (internal/modules/cjs/loader.js:1049:32)
    at Function.Module._load (internal/modules/cjs/loader.js:937:14)
    at Module.require (internal/modules/cjs/loader.js:1089:19) {"metadata":{"emulator":{"name":"functions"},"message":"Error: Cannot find module '@slack/web-api'\nRequire stack:\n- /Users/jybang/Documents/GitHub/BostonHacks/cacioepepe/functions/slackFunctions/checkSlackUser.function.js\n- /Users/jybang/Documents/GitHub/BostonHacks/cacioepepe/functions/index.js\n- /Users/jybang/.nvm/versions/node/v14.3.0/lib/node_modules/firebase-tools/lib/emulator/functionsEmulatorRuntime.js\n    at Function.Module._resolveFilename (internal/modules/cjs/loader.js:1029:15)\n    at Function.Module._load (internal/modules/cjs/loader.js:898:27)\n    at Module.require (internal/modules/cjs/loader.js:1089:19)\n    at require (internal/modules/cjs/helpers.js:73:18)\n    at Object.<anonymous> (/Users/jybang/Documents/GitHub/BostonHacks/cacioepepe/functions/slackFunctions/checkSlackUser.function.js:6:23)\n    at Module._compile (internal/modules/cjs/loader.js:1200:30)\n    at Object.Module._extensions..js (internal/modules/cjs/loader.js:1220:10)\n    at Module.load (internal/modules/cjs/loader.js:1049:32)\n    at Function.Module._load (internal/modules/cjs/loader.js:937:14)\n    at Module.require (internal/modules/cjs/loader.js:1089:19)"}}
[warn] ⚠  We were unable to load your functions code. (see above) {"metadata":{"emulator":{"name":"functions"}}}
[debug] [2020-09-12T19:57:32.146Z] DEBUG: [worker-~diagnostic~-30961c4e-316b-4088-b572-0a9c6af02a08]: exited
[debug] [2020-09-12T19:57:32.146Z] DEBUG: [worker-~diagnostic~-30961c4e-316b-4088-b572-0a9c6af02a08]: FINISHED
[debug] [2020-09-12T19:58:19.414Z] ----------------------------------------------------------------------
[debug] [2020-09-12T19:58:19.416Z] Command:       /Users/jybang/.nvm/versions/node/v14.3.0/bin/node /Users/jybang/.nvm/versions/node/v14.3.0/bin/firebase functions:shell
[debug] [2020-09-12T19:58:19.416Z] CLI Version:   8.10.0
[debug] [2020-09-12T19:58:19.416Z] Platform:      darwin
[debug] [2020-09-12T19:58:19.416Z] Node Version:  v14.3.0
[debug] [2020-09-12T19:58:19.424Z] Time:          Sat Sep 12 2020 15:58:19 GMT-0400 (Eastern Daylight Time)
[debug] [2020-09-12T19:58:19.424Z] ----------------------------------------------------------------------
[debug] [2020-09-12T19:58:19.424Z] 
[debug] [2020-09-12T19:58:19.431Z] > command requires scopes: ["email","openid","https://www.googleapis.com/auth/cloudplatformprojects.readonly","https://www.googleapis.com/auth/firebase","https://www.googleapis.com/auth/cloud-platform"]
[debug] [2020-09-12T19:58:19.431Z] > authorizing via signed-in user
[debug] [2020-09-12T19:58:19.431Z] [iam] checking project bostonhacks-cacioepepe for permissions ["firebase.projects.get"]
[debug] [2020-09-12T19:58:19.435Z] >>> HTTP REQUEST POST https://cloudresourcemanager.googleapis.com/v1/projects/bostonhacks-cacioepepe:testIamPermissions  
 {"permissions":["firebase.projects.get"]}
[debug] [2020-09-12T19:58:19.610Z] <<< HTTP RESPONSE 200 {"content-type":"application/json; charset=UTF-8","vary":"X-Origin, Referer, Origin,Accept-Encoding","date":"Sat, 12 Sep 2020 19:58:19 GMT","server":"ESF","cache-control":"private","x-xss-protection":"0","x-frame-options":"SAMEORIGIN","x-content-type-options":"nosniff","server-timing":"gfet4t7; dur=52","alt-svc":"h3-29=\":443\"; ma=2592000,h3-27=\":443\"; ma=2592000,h3-T051=\":443\"; ma=2592000,h3-T050=\":443\"; ma=2592000,h3-Q050=\":443\"; ma=2592000,h3-Q046=\":443\"; ma=2592000,h3-Q043=\":443\"; ma=2592000,quic=\":443\"; ma=2592000; v=\"46,43\"","accept-ranges":"none","transfer-encoding":"chunked"}
[warn] ⚠  Your requested "node" version "10" doesn't match your global version "14" {"metadata":{"emulator":{"name":"functions"},"message":"Your requested \"node\" version \"10\" doesn't match your global version \"14\""}}
[warn] ⚠  functions: Your GOOGLE_APPLICATION_CREDENTIALS environment variable points to /Users/jybang/Documents/GitHub/BostonHacks/Cacioepepe-a8d01db9ada2.json. Non-emulated services will access production using these credentials. Be careful! {"metadata":{"emulator":{"name":"functions"},"message":"Your GOOGLE_APPLICATION_CREDENTIALS environment variable points to /Users/jybang/Documents/GitHub/BostonHacks/Cacioepepe-a8d01db9ada2.json. Non-emulated services will access production using these credentials. Be careful!"}}
[debug] [2020-09-12T19:58:19.631Z] [functions] Watching "/Users/jybang/Documents/GitHub/BostonHacks/cacioepepe/functions" for Cloud Functions...
[debug] [2020-09-12T19:58:19.638Z] DEBUG: [worker-pool] addWorker(~diagnostic~)
[debug] [2020-09-12T19:58:19.638Z] DEBUG: [worker-pool] Adding worker with key ~diagnostic~, total=1
[debug] [2020-09-12T19:58:19.638Z] DEBUG: [worker-pool] submitWork(triggerId=)
[debug] [2020-09-12T19:58:19.639Z] DEBUG: [worker-~diagnostic~-225cda44-016b-41bd-af84-4153a130325f]: Assigning socketPath: /var/folders/5l/kk7qyz_n0w501b486m0r8dnm0000gn/T/fire_emu_12514.sock
[debug] [2020-09-12T19:58:19.639Z] DEBUG: [worker-~diagnostic~-225cda44-016b-41bd-af84-4153a130325f]: BUSY
[debug] [2020-09-12T19:58:19.885Z] DEBUG: [runtime-status] [12514] Functions runtime initialized. {"cwd":"/Users/jybang/Documents/GitHub/BostonHacks/cacioepepe/functions","node_version":"14.3.0"}
[debug] [2020-09-12T19:58:19.886Z] DEBUG: [runtime-status] [12514] Disabled runtime features: undefined
[debug] [2020-09-12T19:58:19.889Z] DEBUG: [runtime-status] [12514] Resolved module firebase-admin {"declared":true,"installed":true,"version":"8.9.2","resolution":"/Users/jybang/Documents/GitHub/BostonHacks/cacioepepe/functions/node_modules/firebase-admin/lib/index.js"}
[debug] [2020-09-12T19:58:19.890Z] DEBUG: [runtime-status] [12514] Resolved module firebase-functions {"declared":true,"installed":true,"version":"3.6.1","resolution":"/Users/jybang/Documents/GitHub/BostonHacks/cacioepepe/functions/node_modules/firebase-functions/lib/index.js"}
[debug] [2020-09-12T19:58:19.892Z] DEBUG: [runtime-status] [12514] Resolved module firebase-functions {"declared":true,"installed":true,"version":"3.6.1","resolution":"/Users/jybang/Documents/GitHub/BostonHacks/cacioepepe/functions/node_modules/firebase-functions/lib/index.js"}
[debug] [2020-09-12T19:58:19.893Z] DEBUG: [runtime-status] [12514] Outgoing network have been stubbed. [{"name":"http","status":"mocked"},{"name":"http","status":"mocked"},{"name":"https","status":"mocked"},{"name":"https","status":"mocked"},{"name":"net","status":"mocked"}]
[debug] [2020-09-12T19:58:19.894Z] DEBUG: [runtime-status] [12514] Resolved module firebase-functions {"declared":true,"installed":true,"version":"3.6.1","resolution":"/Users/jybang/Documents/GitHub/BostonHacks/cacioepepe/functions/node_modules/firebase-functions/lib/index.js"}
[debug] [2020-09-12T19:58:19.934Z] DEBUG: [runtime-status] [12514] Checked functions.config() {"config":{}}
[debug] [2020-09-12T19:58:19.934Z] DEBUG: [runtime-status] [12514] firebase-functions has been stubbed. {"functionsResolution":{"declared":true,"installed":true,"version":"3.6.1","resolution":"/Users/jybang/Documents/GitHub/BostonHacks/cacioepepe/functions/node_modules/firebase-functions/lib/index.js"}}
[debug] [2020-09-12T19:58:19.934Z] DEBUG: [runtime-status] [12514] Resolved module firebase-functions {"declared":true,"installed":true,"version":"3.6.1","resolution":"/Users/jybang/Documents/GitHub/BostonHacks/cacioepepe/functions/node_modules/firebase-functions/lib/index.js"}
[debug] [2020-09-12T19:58:19.935Z] DEBUG: [runtime-status] [12514] Resolved module firebase-admin {"declared":true,"installed":true,"version":"8.9.2","resolution":"/Users/jybang/Documents/GitHub/BostonHacks/cacioepepe/functions/node_modules/firebase-admin/lib/index.js"}
[debug] [2020-09-12T19:58:19.936Z] DEBUG: [runtime-status] [12514] Resolved module firebase-functions {"declared":true,"installed":true,"version":"3.6.1","resolution":"/Users/jybang/Documents/GitHub/BostonHacks/cacioepepe/functions/node_modules/firebase-functions/lib/index.js"}
[debug] [2020-09-12T19:58:19.936Z] DEBUG: [runtime-status] [12514] firebase-admin has been stubbed. {"adminResolution":{"declared":true,"installed":true,"version":"8.9.2","resolution":"/Users/jybang/Documents/GitHub/BostonHacks/cacioepepe/functions/node_modules/firebase-admin/lib/index.js"}}
[debug] [2020-09-12T19:58:20.033Z] DEBUG: [runtime-status] [12514] initializeApp(DEFAULT) {"databaseURL":"https://bostonhacks-cacioepepe.firebaseio.com","storageBucket":"bostonhacks-cacioepepe.appspot.com","projectId":"bostonhacks-cacioepepe"}
[warn] ⚠  functions: The Cloud Firestore emulator is not running, so calls to Firestore will affect production. {"metadata":{"emulator":{"name":"functions"},"message":"The Cloud Firestore emulator is not running, so calls to Firestore will affect production."}}
[warn] ⚠  Error: Cannot find module 'async-openssl'
Require stack:
- /Users/jybang/Documents/GitHub/BostonHacks/cacioepepe/functions/userFunctions/sign_pass.js
- /Users/jybang/Documents/GitHub/BostonHacks/cacioepepe/functions/userFunctions/generateApplePass.function.js
- /Users/jybang/Documents/GitHub/BostonHacks/cacioepepe/functions/index.js
- /Users/jybang/.nvm/versions/node/v14.3.0/lib/node_modules/firebase-tools/lib/emulator/functionsEmulatorRuntime.js
    at Function.Module._resolveFilename (internal/modules/cjs/loader.js:1029:15)
    at Function.Module._load (internal/modules/cjs/loader.js:898:27)
    at Module.require (internal/modules/cjs/loader.js:1089:19)
    at require (internal/modules/cjs/helpers.js:73:18)
    at Object.<anonymous> (/Users/jybang/Documents/GitHub/BostonHacks/cacioepepe/functions/userFunctions/sign_pass.js:1:17)
    at Module._compile (internal/modules/cjs/loader.js:1200:30)
    at Object.Module._extensions..js (internal/modules/cjs/loader.js:1220:10)
    at Module.load (internal/modules/cjs/loader.js:1049:32)
    at Function.Module._load (internal/modules/cjs/loader.js:937:14)
    at Module.require (internal/modules/cjs/loader.js:1089:19) {"metadata":{"emulator":{"name":"functions"},"message":"Error: Cannot find module 'async-openssl'\nRequire stack:\n- /Users/jybang/Documents/GitHub/BostonHacks/cacioepepe/functions/userFunctions/sign_pass.js\n- /Users/jybang/Documents/GitHub/BostonHacks/cacioepepe/functions/userFunctions/generateApplePass.function.js\n- /Users/jybang/Documents/GitHub/BostonHacks/cacioepepe/functions/index.js\n- /Users/jybang/.nvm/versions/node/v14.3.0/lib/node_modules/firebase-tools/lib/emulator/functionsEmulatorRuntime.js\n    at Function.Module._resolveFilename (internal/modules/cjs/loader.js:1029:15)\n    at Function.Module._load (internal/modules/cjs/loader.js:898:27)\n    at Module.require (internal/modules/cjs/loader.js:1089:19)\n    at require (internal/modules/cjs/helpers.js:73:18)\n    at Object.<anonymous> (/Users/jybang/Documents/GitHub/BostonHacks/cacioepepe/functions/userFunctions/sign_pass.js:1:17)\n    at Module._compile (internal/modules/cjs/loader.js:1200:30)\n    at Object.Module._extensions..js (internal/modules/cjs/loader.js:1220:10)\n    at Module.load (internal/modules/cjs/loader.js:1049:32)\n    at Function.Module._load (internal/modules/cjs/loader.js:937:14)\n    at Module.require (internal/modules/cjs/loader.js:1089:19)"}}
[warn] ⚠  We were unable to load your functions code. (see above) {"metadata":{"emulator":{"name":"functions"}}}
[debug] [2020-09-12T19:58:20.612Z] DEBUG: [worker-~diagnostic~-225cda44-016b-41bd-af84-4153a130325f]: exited
[debug] [2020-09-12T19:58:20.612Z] DEBUG: [worker-~diagnostic~-225cda44-016b-41bd-af84-4153a130325f]: FINISHED
